[2025-12-01 02:20:40] EXCEPTION: Too few arguments to function BattleManager::__construct(), 2 passed in /Users/andrejprus/Library/CloudStorage/Dropbox/projects/tribal-clone/messages/reports.php on line 30 and exactly 3 expected in /Users/andrejprus/Library/CloudStorage/Dropbox/projects/tribal-clone/lib/managers/BattleManager.php line 16
Trace: #0 /Users/andrejprus/Library/CloudStorage/Dropbox/projects/tribal-clone/messages/reports.php(30): BattleManager->__construct(Object(SQLiteAdapter), Object(VillageManager))
#1 {main}
--------------------------------------------------------------------------------
[2025-12-01 02:20:41] EXCEPTION: Too few arguments to function BattleManager::__construct(), 2 passed in /Users/andrejprus/Library/CloudStorage/Dropbox/projects/tribal-clone/messages/reports.php on line 30 and exactly 3 expected in /Users/andrejprus/Library/CloudStorage/Dropbox/projects/tribal-clone/lib/managers/BattleManager.php line 16
Trace: #0 /Users/andrejprus/Library/CloudStorage/Dropbox/projects/tribal-clone/messages/reports.php(30): BattleManager->__construct(Object(SQLiteAdapter), Object(VillageManager))
#1 {main}
--------------------------------------------------------------------------------
[2025-12-01 02:47:49] EXCEPTION: htmlspecialchars(): Argument #1 ($string) must be of type string, int given in /Users/andrejprus/Library/CloudStorage/Dropbox/projects/tribal-clone/messages/messages.php line 109
Trace: #0 /Users/andrejprus/Library/CloudStorage/Dropbox/projects/tribal-clone/messages/messages.php(109): htmlspecialchars(1)
#1 {main}
--------------------------------------------------------------------------------
[2025-12-01 02:47:53] EXCEPTION: htmlspecialchars(): Argument #1 ($string) must be of type string, int given in /Users/andrejprus/Library/CloudStorage/Dropbox/projects/tribal-clone/messages/messages.php line 109
Trace: #0 /Users/andrejprus/Library/CloudStorage/Dropbox/projects/tribal-clone/messages/messages.php(109): htmlspecialchars(1)
#1 {main}
--------------------------------------------------------------------------------
[2025-12-01 02:47:55] EXCEPTION: htmlspecialchars(): Argument #1 ($string) must be of type string, int given in /Users/andrejprus/Library/CloudStorage/Dropbox/projects/tribal-clone/messages/messages.php line 109
Trace: #0 /Users/andrejprus/Library/CloudStorage/Dropbox/projects/tribal-clone/messages/messages.php(109): htmlspecialchars(1)
#1 {main}
--------------------------------------------------------------------------------
[2025-12-01 03:17:25] EXCEPTION: Call to undefined function relativeTime() in /Users/andrejprus/Library/CloudStorage/Dropbox/projects/tribal-clone/header.php line 162
Trace: #0 /Users/andrejprus/Library/CloudStorage/Dropbox/projects/tribal-clone/messages/reports.php(79): require()
#1 {main}
--------------------------------------------------------------------------------
[2025-12-01 03:17:26] EXCEPTION: Call to undefined function relativeTime() in /Users/andrejprus/Library/CloudStorage/Dropbox/projects/tribal-clone/header.php line 162
Trace: #0 /Users/andrejprus/Library/CloudStorage/Dropbox/projects/tribal-clone/messages/messages.php(105): require()
#1 {main}
--------------------------------------------------------------------------------
