[2025-05-29 10:31:54] ERROR: require(header.php): Failed to open stream: No such file or directory w C:\xampp\htdocs\game\world_select.php linia 58
--------------------------------------------------------------------------------
[2025-05-29 10:31:54] EXCEPTION: Failed opening required 'header.php' (include_path='C:\xampp\php\PEAR') w C:\xampp\htdocs\game\world_select.php linia 58
Trace: #0 {main}
--------------------------------------------------------------------------------
[2025-05-29 10:35:37] ERROR: require(header.php): Failed to open stream: No such file or directory w C:\xampp\htdocs\game\game.php linia 74
--------------------------------------------------------------------------------
[2025-05-29 10:35:37] EXCEPTION: Failed opening required 'header.php' (include_path='C:\xampp\php\PEAR') w C:\xampp\htdocs\game\game.php linia 74
Trace: #0 {main}
--------------------------------------------------------------------------------
[2025-05-29 16:12:40] ERROR: Undefined array key "current_population" w C:\xampp\htdocs\game\game.php linia 124
--------------------------------------------------------------------------------
[2025-05-29 16:14:05] ERROR: Undefined array key "current_population" w C:\xampp\htdocs\game\game.php linia 124
--------------------------------------------------------------------------------
[2025-12-01 04:13:45] EXCEPTION: Call to undefined function relativeTime() in /Users/andrejprus/Library/CloudStorage/Dropbox/projects/tribal-clone/header.php line 161
Trace: #0 /Users/andrejprus/Library/CloudStorage/Dropbox/projects/tribal-clone/game/game.php(81): require()
#1 {main}
--------------------------------------------------------------------------------
[2025-12-01 04:17:19] EXCEPTION: Call to undefined function relativeTime() in /Users/andrejprus/Library/CloudStorage/Dropbox/projects/tribal-clone/header.php line 162
Trace: #0 /Users/andrejprus/Library/CloudStorage/Dropbox/projects/tribal-clone/game/game.php(81): require()
#1 {main}
--------------------------------------------------------------------------------
[2025-12-01 05:00:54] EXCEPTION: Call to undefined function relativeTime() in /Users/andrejprus/Library/CloudStorage/Dropbox/projects/tribal-clone/header.php line 170
Trace: #0 /Users/andrejprus/Library/CloudStorage/Dropbox/projects/tribal-clone/game/game.php(89): require()
#1 {main}
--------------------------------------------------------------------------------
[2025-12-01 04:03:04] EXCEPTION: syntax error, unexpected token "\" in /Users/andrejprus/Library/CloudStorage/Dropbox/projects/tribal-clone/lib/managers/BattleManager.php line 2196
Trace: #0 {main}
--------------------------------------------------------------------------------
[2025-12-01 09:59:39] EXCEPTION: Class "WorldManager" not found in /Users/andrejprus/Library/CloudStorage/Dropbox/projects/tribal-clone/lib/managers/CatchupManager.php line 15
Trace: #0 /Users/andrejprus/Library/CloudStorage/Dropbox/projects/tribal-clone/init.php(110): CatchupManager->__construct(Object(SQLiteAdapter))
#1 /Users/andrejprus/Library/CloudStorage/Dropbox/projects/tribal-clone/game/game.php(2): require('/Users/andrejpr...')
#2 {main}
--------------------------------------------------------------------------------
[2025-12-01 10:01:05] EXCEPTION: Call to private method BuildingManager::getActivePendingQueueCount() from global scope in /Users/andrejprus/Library/CloudStorage/Dropbox/projects/tribal-clone/game/game.php line 78
Trace: #0 {main}
--------------------------------------------------------------------------------
