{"queue_item_id":2,"village_id":11831,"user_id":12041,"building":"hospital","level":13,"costs":{"wood":3869,"clay":3482,"iron":4255},"build_time":19292,"start_at":1764967833,"finish_at":1764987125,"status":"active","type":"enqueue","ts":1764967833,"date":"2025-12-05T20:50:33+00:00"}
{"queue_item_id":3,"village_id":11832,"user_id":12042,"building":"watchtower","level":15,"costs":{"wood":3050,"clay":2542,"iron":2034},"build_time":16913,"start_at":1764967833,"finish_at":1764984746,"status":"active","type":"enqueue","ts":1764967833,"date":"2025-12-05T20:50:33+00:00"}
{"queue_item_id":4,"village_id":11833,"user_id":12043,"building":"farm","level":14,"costs":{"wood":1114,"clay":990,"iron":743},"build_time":9214,"start_at":1764967833,"finish_at":1764977047,"status":"active","type":"enqueue","ts":1764967833,"date":"2025-12-05T20:50:33+00:00"}
{"queue_item_id":5,"village_id":11834,"user_id":12044,"building":"market","level":4,"costs":{"wood":186,"clay":186,"iron":186},"build_time":2689,"start_at":1764967834,"finish_at":1764970523,"status":"active","type":"enqueue","ts":1764967834,"date":"2025-12-05T20:50:34+00:00"}
{"queue_item_id":6,"village_id":11835,"user_id":12045,"building":"hospital","level":11,"costs":{"wood":2361,"clay":2125,"iron":2597},"build_time":11776,"start_at":1764967834,"finish_at":1764979610,"status":"active","type":"enqueue","ts":1764967834,"date":"2025-12-05T20:50:34+00:00"}
{"queue_item_id":7,"village_id":11836,"user_id":12046,"building":"workshop","level":6,"costs":{"wood":1114,"clay":891,"iron":965},"build_time":7920,"start_at":1764967834,"finish_at":1764975754,"status":"active","type":"enqueue","ts":1764967834,"date":"2025-12-05T20:50:34+00:00"}
{"queue_item_id":8,"village_id":11837,"user_id":12047,"building":"storage","level":14,"costs":{"wood":1061,"clay":928,"iron":796},"build_time":9555,"start_at":1764967834,"finish_at":1764977389,"status":"active","type":"enqueue","ts":1764967834,"date":"2025-12-05T20:50:34+00:00"}
{"queue_item_id":9,"village_id":11838,"user_id":12048,"building":"market","level":2,"costs":{"wood":123,"clay":123,"iron":123},"build_time":2043,"start_at":1764967835,"finish_at":1764969878,"status":"active","type":"enqueue","ts":1764967835,"date":"2025-12-05T20:50:35+00:00"}
{"queue_item_id":10,"village_id":11839,"user_id":12049,"building":"main_building","level":15,"costs":{"wood":2288,"clay":2034,"iron":1779},"build_time":7200,"start_at":1764967835,"finish_at":1764975035,"status":"active","type":"enqueue","ts":1764967835,"date":"2025-12-05T20:50:35+00:00"}
{"queue_item_id":11,"village_id":11840,"user_id":12050,"building":"academy","level":10,"costs":{"wood":2149,"clay":1719,"iron":2407},"build_time":15065,"start_at":1764967835,"finish_at":1764982900,"status":"active","type":"enqueue","ts":1764967835,"date":"2025-12-05T20:50:35+00:00"}
{"queue_item_id":12,"village_id":11841,"user_id":12051,"building":"scout_hall","level":7,"costs":{"wood":534,"clay":458,"iron":381},"build_time":4418,"start_at":1764967835,"finish_at":1764972253,"status":"active","type":"enqueue","ts":1764967835,"date":"2025-12-05T20:50:35+00:00"}
{"queue_item_id":13,"village_id":11842,"user_id":12052,"building":"workshop","level":7,"costs":{"wood":1448,"clay":1158,"iron":1255},"build_time":8378,"start_at":1764967836,"finish_at":1764976214,"status":"active","type":"enqueue","ts":1764967836,"date":"2025-12-05T20:50:36+00:00"}
{"queue_item_id":14,"village_id":11843,"user_id":12053,"building":"barracks","level":20,"costs":{"wood":16146,"clay":13724,"iron":7266},"build_time":38691,"start_at":1764967836,"finish_at":1765006527,"status":"active","type":"enqueue","ts":1764967836,"date":"2025-12-05T20:50:36+00:00"}
{"queue_item_id":15,"village_id":11844,"user_id":12054,"building":"sawmill","level":12,"costs":{"wood":635,"clay":762,"iron":508},"build_time":3634,"start_at":1764967836,"finish_at":1764971470,"status":"active","type":"enqueue","ts":1764967836,"date":"2025-12-05T20:50:36+00:00"}
{"queue_item_id":16,"village_id":11845,"user_id":12055,"building":"hall_of_banners","level":7,"costs":{"wood":1931,"clay":1689,"iron":2172},"build_time":13753,"start_at":1764967836,"finish_at":1764981589,"status":"active","type":"enqueue","ts":1764967836,"date":"2025-12-05T20:50:36+00:00"}
{"queue_item_id":17,"village_id":11846,"user_id":12056,"building":"hall_of_banners","level":16,"costs":{"wood":20474,"clay":17915,"iron":23034},"build_time":63391,"start_at":1764967837,"finish_at":1765031228,"status":"active","type":"enqueue","ts":1764967837,"date":"2025-12-05T20:50:37+00:00"}
{"queue_item_id":18,"village_id":11847,"user_id":12057,"building":"clay_pit","level":8,"costs":{"wood":328,"clay":252,"iron":202},"build_time":1838,"start_at":1764967837,"finish_at":1764969675,"status":"active","type":"enqueue","ts":1764967837,"date":"2025-12-05T20:50:37+00:00"}
{"queue_item_id":19,"village_id":11848,"user_id":12058,"building":"warehouse","level":5,"costs":{"wood":133,"clay":111,"iron":89},"build_time":1800,"start_at":1764967837,"finish_at":1764969637,"status":"active","type":"enqueue","ts":1764967837,"date":"2025-12-05T20:50:37+00:00"}
{"queue_item_id":20,"village_id":11849,"user_id":12059,"building":"market","level":2,"costs":{"wood":123,"clay":123,"iron":123},"build_time":1967,"start_at":1764967837,"finish_at":1764969804,"status":"active","type":"enqueue","ts":1764967837,"date":"2025-12-05T20:50:37+00:00"}
{"queue_item_id":21,"village_id":11850,"user_id":12060,"building":"warehouse","level":15,"costs":{"wood":971,"clay":809,"iron":647},"build_time":8617,"start_at":1764967838,"finish_at":1764976455,"status":"active","type":"enqueue","ts":1764967838,"date":"2025-12-05T20:50:38+00:00"}
{"queue_item_id":22,"village_id":11851,"user_id":12061,"building":"clay_pit","level":29,"costs":{"wood":42004,"clay":32311,"iron":25848},"build_time":54193,"start_at":1764967838,"finish_at":1765022031,"status":"active","type":"enqueue","ts":1764967838,"date":"2025-12-05T20:50:38+00:00"}
{"queue_item_id":23,"village_id":11852,"user_id":12062,"building":"siege_foundry","level":12,"costs":{"wood":7420,"clay":5936,"iron":7632},"build_time":28504,"start_at":1764967838,"finish_at":1764996342,"status":"active","type":"enqueue","ts":1764967838,"date":"2025-12-05T20:50:38+00:00"}
{"queue_item_id":24,"village_id":11853,"user_id":12063,"building":"smithy","level":1,"costs":{"wood":220,"clay":180,"iron":240},"build_time":2034,"start_at":1764967838,"finish_at":1764969872,"status":"active","type":"enqueue","ts":1764967838,"date":"2025-12-05T20:50:38+00:00"}
{"queue_item_id":25,"village_id":11854,"user_id":12064,"building":"garrison","level":12,"costs":{"wood":2495,"clay":3050,"iron":2218},"build_time":13234,"start_at":1764967839,"finish_at":1764981073,"status":"active","type":"enqueue","ts":1764967839,"date":"2025-12-05T20:50:39+00:00"}
{"queue_item_id":26,"village_id":11855,"user_id":12065,"building":"hall_of_banners","level":4,"costs":{"wood":879,"clay":769,"iron":989},"build_time":7649,"start_at":1764967839,"finish_at":1764975488,"status":"active","type":"enqueue","ts":1764967839,"date":"2025-12-05T20:50:39+00:00"}
{"queue_item_id":27,"village_id":11856,"user_id":12066,"building":"stable","level":9,"costs":{"wood":1946,"clay":1729,"iron":1873},"build_time":8675,"start_at":1764967839,"finish_at":1764976514,"status":"active","type":"enqueue","ts":1764967839,"date":"2025-12-05T20:50:39+00:00"}
{"queue_item_id":28,"village_id":11857,"user_id":12067,"building":"academy","level":17,"costs":{"wood":11450,"clay":9160,"iron":12824},"build_time":42387,"start_at":1764967839,"finish_at":1765010226,"status":"active","type":"enqueue","ts":1764967839,"date":"2025-12-05T20:50:39+00:00"}
{"queue_item_id":29,"village_id":11858,"user_id":12068,"building":"storage","level":11,"costs":{"wood":584,"clay":511,"iron":438},"build_time":5510,"start_at":1764967840,"finish_at":1764973350,"status":"active","type":"enqueue","ts":1764967840,"date":"2025-12-05T20:50:40+00:00"}
{"queue_item_id":30,"village_id":11859,"user_id":12069,"building":"smithy","level":12,"costs":{"wood":2345,"clay":1918,"iron":2558},"build_time":13475,"start_at":1764967840,"finish_at":1764981315,"status":"active","type":"enqueue","ts":1764967840,"date":"2025-12-05T20:50:40+00:00"}
{"queue_item_id":31,"village_id":11860,"user_id":12070,"building":"statue","level":5,"costs":{"wood":487,"clay":487,"iron":487},"build_time":4475,"start_at":1764967840,"finish_at":1764972315,"status":"active","type":"enqueue","ts":1764967840,"date":"2025-12-05T20:50:40+00:00"}
{"queue_item_id":32,"village_id":11861,"user_id":12071,"building":"siege_foundry","level":6,"costs":{"wood":1403,"clay":1122,"iron":1443},"build_time":10766,"start_at":1764967840,"finish_at":1764978606,"status":"active","type":"enqueue","ts":1764967840,"date":"2025-12-05T20:50:40+00:00"}
{"queue_item_id":33,"village_id":11862,"user_id":12072,"building":"clay_pit","level":20,"costs":{"wood":5248,"clay":4037,"iron":3229},"build_time":12008,"start_at":1764967841,"finish_at":1764979849,"status":"active","type":"enqueue","ts":1764967841,"date":"2025-12-05T20:50:41+00:00"}
{"queue_item_id":34,"village_id":11863,"user_id":12073,"building":"workshop","level":2,"costs":{"wood":390,"clay":312,"iron":338},"build_time":3727,"start_at":1764967841,"finish_at":1764971568,"status":"active","type":"enqueue","ts":1764967841,"date":"2025-12-05T20:50:41+00:00"}
{"queue_item_id":35,"village_id":11864,"user_id":12074,"building":"farm","level":11,"costs":{"wood":531,"clay":472,"iron":354},"build_time":5926,"start_at":1764967841,"finish_at":1764973767,"status":"active","type":"enqueue","ts":1764967841,"date":"2025-12-05T20:50:41+00:00"}
{"queue_item_id":36,"village_id":11865,"user_id":12075,"building":"storage","level":1,"costs":{"wood":80,"clay":70,"iron":60},"build_time":1133,"start_at":1764967841,"finish_at":1764968974,"status":"active","type":"enqueue","ts":1764967841,"date":"2025-12-05T20:50:41+00:00"}
{"queue_item_id":37,"village_id":11866,"user_id":12076,"building":"siege_foundry","level":1,"costs":{"wood":350,"clay":280,"iron":360},"build_time":4000,"start_at":1764967842,"finish_at":1764971842,"status":"active","type":"enqueue","ts":1764967842,"date":"2025-12-05T20:50:42+00:00"}
{"queue_item_id":38,"village_id":11867,"user_id":12077,"building":"warehouse","level":29,"costs":{"wood":15712,"clay":13093,"iron":10475},"build_time":84246,"start_at":1764967842,"finish_at":1765052088,"status":"active","type":"enqueue","ts":1764967842,"date":"2025-12-05T20:50:42+00:00"}
{"queue_item_id":39,"village_id":11868,"user_id":12078,"building":"main_building","level":6,"costs":{"wood":286,"clay":254,"iron":222},"build_time":1872,"start_at":1764967842,"finish_at":1764969714,"status":"active","type":"enqueue","ts":1764967842,"date":"2025-12-05T20:50:42+00:00"}
{"queue_item_id":40,"village_id":11869,"user_id":12079,"building":"hiding_place","level":7,"costs":{"wood":191,"clay":229,"iron":191},"build_time":1800,"start_at":1764967842,"finish_at":1764969642,"status":"active","type":"enqueue","ts":1764967842,"date":"2025-12-05T20:50:42+00:00"}
{"queue_item_id":41,"village_id":11870,"user_id":12080,"building":"hospital","level":12,"costs":{"wood":3022,"clay":2720,"iron":3325},"build_time":14889,"start_at":1764967843,"finish_at":1764982732,"status":"active","type":"enqueue","ts":1764967843,"date":"2025-12-05T20:50:43+00:00"}
{"queue_item_id":42,"village_id":11871,"user_id":12081,"building":"storage","level":21,"costs":{"wood":4269,"clay":3735,"iron":3201},"build_time":27394,"start_at":1764967843,"finish_at":1764995237,"status":"active","type":"enqueue","ts":1764967843,"date":"2025-12-05T20:50:43+00:00"}
{"queue_item_id":43,"village_id":11872,"user_id":12082,"building":"scout_hall","level":16,"costs":{"wood":3979,"clay":3411,"iron":2842},"build_time":17961,"start_at":1764967843,"finish_at":1764985804,"status":"active","type":"enqueue","ts":1764967843,"date":"2025-12-05T20:50:43+00:00"}
{"queue_item_id":44,"village_id":11873,"user_id":12083,"building":"warehouse","level":9,"costs":{"wood":294,"clay":245,"iron":196},"build_time":3600,"start_at":1764967843,"finish_at":1764971443,"status":"active","type":"enqueue","ts":1764967843,"date":"2025-12-05T20:50:43+00:00"}
{"queue_item_id":45,"village_id":11874,"user_id":12084,"building":"smithy","level":3,"costs":{"wood":338,"clay":277,"iron":369},"build_time":3039,"start_at":1764967844,"finish_at":1764970883,"status":"active","type":"enqueue","ts":1764967844,"date":"2025-12-05T20:50:44+00:00"}
{"queue_item_id":46,"village_id":11875,"user_id":12085,"building":"rally_point","level":4,"costs":{"wood":190,"clay":276,"iron":156},"build_time":1730,"start_at":1764967844,"finish_at":1764969574,"status":"active","type":"enqueue","ts":1764967844,"date":"2025-12-05T20:50:44+00:00"}
{"queue_item_id":47,"village_id":11876,"user_id":12086,"building":"workshop","level":8,"costs":{"wood":1882,"clay":1506,"iron":1631},"build_time":9887,"start_at":1764967844,"finish_at":1764977731,"status":"active","type":"enqueue","ts":1764967844,"date":"2025-12-05T20:50:44+00:00"}
{"queue_item_id":48,"village_id":11877,"user_id":12087,"building":"sawmill","level":18,"costs":{"wood":2543,"clay":3051,"iron":2034},"build_time":8478,"start_at":1764967844,"finish_at":1764976322,"status":"active","type":"enqueue","ts":1764967844,"date":"2025-12-05T20:50:44+00:00"}
{"queue_item_id":49,"village_id":11878,"user_id":12088,"building":"hiding_place","level":17,"costs":{"wood":1776,"clay":2132,"iron":1776},"build_time":7707,"start_at":1764967845,"finish_at":1764975552,"status":"active","type":"enqueue","ts":1764967845,"date":"2025-12-05T20:50:45+00:00"}
{"queue_item_id":50,"village_id":11879,"user_id":12089,"building":"hall_of_banners","level":5,"costs":{"wood":1142,"clay":1000,"iron":1285},"build_time":9348,"start_at":1764967845,"finish_at":1764977193,"status":"active","type":"enqueue","ts":1764967845,"date":"2025-12-05T20:50:45+00:00"}
{"queue_item_id":51,"village_id":11880,"user_id":12090,"building":"main_building","level":5,"costs":{"wood":227,"clay":202,"iron":176},"build_time":1800,"start_at":1764967845,"finish_at":1764969645,"status":"active","type":"enqueue","ts":1764967845,"date":"2025-12-05T20:50:45+00:00"}
{"queue_item_id":52,"village_id":11881,"user_id":12091,"building":"sawmill","level":27,"costs":{"wood":20352,"clay":24422,"iron":16281},"build_time":41083,"start_at":1764967845,"finish_at":1765008928,"status":"active","type":"enqueue","ts":1764967845,"date":"2025-12-05T20:50:45+00:00"}
{"queue_item_id":53,"village_id":11882,"user_id":12092,"building":"watchtower","level":3,"costs":{"wood":191,"clay":159,"iron":127},"build_time":2199,"start_at":1764967846,"finish_at":1764970045,"status":"active","type":"enqueue","ts":1764967846,"date":"2025-12-05T20:50:46+00:00"}
{"queue_item_id":54,"village_id":11883,"user_id":12093,"building":"stable","level":14,"costs":{"wood":6685,"clay":5942,"iron":6437},"build_time":19845,"start_at":1764967846,"finish_at":1764987691,"status":"active","type":"enqueue","ts":1764967846,"date":"2025-12-05T20:50:46+00:00"}
{"queue_item_id":55,"village_id":11884,"user_id":12094,"building":"stable","level":2,"costs":{"wood":346,"clay":307,"iron":333},"build_time":2485,"start_at":1764967846,"finish_at":1764970331,"status":"active","type":"enqueue","ts":1764967846,"date":"2025-12-05T20:50:46+00:00"}
{"queue_item_id":56,"village_id":11885,"user_id":12095,"building":"siege_foundry","level":9,"costs":{"wood":3226,"clay":2581,"iron":3318},"build_time":15291,"start_at":1764967846,"finish_at":1764983137,"status":"active","type":"enqueue","ts":1764967846,"date":"2025-12-05T20:50:46+00:00"}
{"queue_item_id":57,"village_id":11886,"user_id":12096,"building":"hall_of_banners","level":3,"costs":{"wood":676,"clay":592,"iron":761},"build_time":7230,"start_at":1764967847,"finish_at":1764975077,"status":"active","type":"enqueue","ts":1764967847,"date":"2025-12-05T20:50:47+00:00"}
{"queue_item_id":58,"village_id":11887,"user_id":12097,"building":"hiding_place","level":16,"costs":{"wood":1421,"clay":1705,"iron":1421},"build_time":7200,"start_at":1764967847,"finish_at":1764975047,"status":"active","type":"enqueue","ts":1764967847,"date":"2025-12-05T20:50:47+00:00"}
{"queue_item_id":59,"village_id":11888,"user_id":12098,"building":"stable","level":19,"costs":{"wood":22969,"clay":20417,"iron":22118},"build_time":46291,"start_at":1764967847,"finish_at":1765014138,"status":"active","type":"enqueue","ts":1764967847,"date":"2025-12-05T20:50:47+00:00"}
{"queue_item_id":60,"village_id":11889,"user_id":12099,"building":"scout_hall","level":1,"costs":{"wood":140,"clay":120,"iron":100},"build_time":1526,"start_at":1764967847,"finish_at":1764969373,"status":"active","type":"enqueue","ts":1764967847,"date":"2025-12-05T20:50:47+00:00"}
{"queue_item_id":61,"village_id":11890,"user_id":12100,"building":"siege_foundry","level":2,"costs":{"wood":462,"clay":370,"iron":475},"build_time":4883,"start_at":1764967848,"finish_at":1764972731,"status":"active","type":"enqueue","ts":1764967848,"date":"2025-12-05T20:50:48+00:00"}
{"queue_item_id":62,"village_id":11891,"user_id":12101,"building":"watchtower","level":13,"costs":{"wood":1921,"clay":1601,"iron":1281},"build_time":11713,"start_at":1764967848,"finish_at":1764979561,"status":"active","type":"enqueue","ts":1764967848,"date":"2025-12-05T20:50:48+00:00"}
{"queue_item_id":63,"village_id":11892,"user_id":12102,"building":"barracks","level":6,"costs":{"wood":635,"clay":540,"iron":286},"build_time":3744,"start_at":1764967848,"finish_at":1764971592,"status":"active","type":"enqueue","ts":1764967848,"date":"2025-12-05T20:50:48+00:00"}
{"queue_item_id":64,"village_id":11893,"user_id":12103,"building":"statue","level":9,"costs":{"wood":1080,"clay":1080,"iron":1080},"build_time":7914,"start_at":1764967848,"finish_at":1764975762,"status":"active","type":"enqueue","ts":1764967848,"date":"2025-12-05T20:50:48+00:00"}
{"queue_item_id":65,"village_id":11894,"user_id":12104,"building":"hospital","level":11,"costs":{"wood":2361,"clay":2125,"iron":2597},"build_time":13854,"start_at":1764967849,"finish_at":1764981703,"status":"active","type":"enqueue","ts":1764967849,"date":"2025-12-05T20:50:49+00:00"}
{"queue_item_id":66,"village_id":11895,"user_id":12105,"building":"garrison","level":11,"costs":{"wood":1965,"clay":2401,"iron":1746},"build_time":10468,"start_at":1764967849,"finish_at":1764978317,"status":"active","type":"enqueue","ts":1764967849,"date":"2025-12-05T20:50:49+00:00"}
{"queue_item_id":67,"village_id":11896,"user_id":12106,"building":"barracks","level":2,"costs":{"wood":252,"clay":214,"iron":113},"build_time":1800,"start_at":1764967849,"finish_at":1764969649,"status":"active","type":"enqueue","ts":1764967849,"date":"2025-12-05T20:50:49+00:00"}
{"queue_item_id":68,"village_id":11897,"user_id":12107,"building":"scout_hall","level":19,"costs":{"wood":7772,"clay":6661,"iron":5551},"build_time":33408,"start_at":1764967849,"finish_at":1765001257,"status":"active","type":"enqueue","ts":1764967849,"date":"2025-12-05T20:50:49+00:00"}
{"queue_item_id":69,"village_id":11898,"user_id":12108,"building":"clay_pit","level":22,"costs":{"wood":8331,"clay":6408,"iron":5127},"build_time":19014,"start_at":1764967850,"finish_at":1764986864,"status":"active","type":"enqueue","ts":1764967850,"date":"2025-12-05T20:50:50+00:00"}
{"queue_item_id":70,"village_id":11899,"user_id":12109,"building":"smithy","level":13,"costs":{"wood":2907,"clay":2379,"iron":3172},"build_time":14575,"start_at":1764967850,"finish_at":1764982425,"status":"active","type":"enqueue","ts":1764967850,"date":"2025-12-05T20:50:50+00:00"}
{"queue_item_id":71,"village_id":11900,"user_id":12110,"building":"market","level":2,"costs":{"wood":123,"clay":123,"iron":123},"build_time":1864,"start_at":1764967850,"finish_at":1764969714,"status":"active","type":"enqueue","ts":1764967850,"date":"2025-12-05T20:50:50+00:00"}
{"queue_item_id":72,"village_id":11901,"user_id":12111,"building":"barracks","level":16,"costs":{"wood":6406,"clay":5445,"iron":2883},"build_time":18907,"start_at":1764967850,"finish_at":1764986757,"status":"active","type":"enqueue","ts":1764967850,"date":"2025-12-05T20:50:50+00:00"}
{"queue_item_id":73,"village_id":11902,"user_id":12112,"building":"scout_hall","level":13,"costs":{"wood":2037,"clay":1746,"iron":1455},"build_time":10932,"start_at":1764967850,"finish_at":1764978782,"status":"active","type":"enqueue","ts":1764967850,"date":"2025-12-05T20:50:50+00:00"}
{"queue_item_id":74,"village_id":11903,"user_id":12113,"building":"academy","level":10,"costs":{"wood":2149,"clay":1719,"iron":2407},"build_time":14258,"start_at":1764967851,"finish_at":1764982109,"status":"active","type":"enqueue","ts":1764967851,"date":"2025-12-05T20:50:51+00:00"}
{"queue_item_id":75,"village_id":11904,"user_id":12114,"building":"watchtower","level":12,"costs":{"wood":1525,"clay":1271,"iron":1017},"build_time":9752,"start_at":1764967851,"finish_at":1764977603,"status":"active","type":"enqueue","ts":1764967851,"date":"2025-12-05T20:50:51+00:00"}
{"queue_item_id":76,"village_id":11905,"user_id":12115,"building":"iron_mine","level":5,"costs":{"wood":189,"clay":164,"iron":176},"build_time":1800,"start_at":1764967851,"finish_at":1764969651,"status":"active","type":"enqueue","ts":1764967851,"date":"2025-12-05T20:50:51+00:00"}
{"queue_item_id":77,"village_id":11906,"user_id":12116,"building":"hiding_place","level":16,"costs":{"wood":1421,"clay":1705,"iron":1421},"build_time":7200,"start_at":1764967852,"finish_at":1764975052,"status":"active","type":"enqueue","ts":1764967852,"date":"2025-12-05T20:50:52+00:00"}
{"queue_item_id":78,"village_id":11907,"user_id":12117,"building":"statue","level":14,"costs":{"wood":2918,"clay":2918,"iron":2918},"build_time":17490,"start_at":1764967852,"finish_at":1764985342,"status":"active","type":"enqueue","ts":1764967852,"date":"2025-12-05T20:50:52+00:00"}
{"queue_item_id":79,"village_id":11908,"user_id":12118,"building":"statue","level":10,"costs":{"wood":1317,"clay":1317,"iron":1317},"build_time":9177,"start_at":1764967852,"finish_at":1764977029,"status":"active","type":"enqueue","ts":1764967852,"date":"2025-12-05T20:50:52+00:00"}
{"queue_item_id":80,"village_id":11909,"user_id":12119,"building":"clay_pit","level":22,"costs":{"wood":8331,"clay":6408,"iron":5127},"build_time":19014,"start_at":1764967852,"finish_at":1764986866,"status":"active","type":"enqueue","ts":1764967852,"date":"2025-12-05T20:50:52+00:00"}
{"queue_item_id":81,"village_id":11910,"user_id":12120,"building":"stable","level":18,"costs":{"wood":17945,"clay":15951,"iron":17280},"build_time":35726,"start_at":1764967853,"finish_at":1765003579,"status":"active","type":"enqueue","ts":1764967853,"date":"2025-12-05T20:50:53+00:00"}
{"queue_item_id":82,"village_id":11911,"user_id":12121,"building":"hall_of_banners","level":16,"costs":{"wood":20474,"clay":17915,"iron":23034},"build_time":62172,"start_at":1764967853,"finish_at":1765030025,"status":"active","type":"enqueue","ts":1764967853,"date":"2025-12-05T20:50:53+00:00"}
{"queue_item_id":83,"village_id":11912,"user_id":12122,"building":"hall_of_banners","level":14,"costs":{"wood":12115,"clay":10601,"iron":13629},"build_time":39354,"start_at":1764967853,"finish_at":1765007207,"status":"active","type":"enqueue","ts":1764967853,"date":"2025-12-05T20:50:53+00:00"}
{"queue_item_id":84,"village_id":11913,"user_id":12123,"building":"iron_mine","level":13,"costs":{"wood":1201,"clay":1041,"iron":1121},"build_time":7200,"start_at":1764967853,"finish_at":1764975053,"status":"active","type":"enqueue","ts":1764967853,"date":"2025-12-05T20:50:53+00:00"}
{"queue_item_id":85,"village_id":11914,"user_id":12124,"building":"workshop","level":7,"costs":{"wood":1448,"clay":1158,"iron":1255},"build_time":8999,"start_at":1764967854,"finish_at":1764976853,"status":"active","type":"enqueue","ts":1764967854,"date":"2025-12-05T20:50:54+00:00"}
{"queue_item_id":86,"village_id":11915,"user_id":12125,"building":"main_building","level":8,"costs":{"wood":454,"clay":403,"iron":353},"build_time":2515,"start_at":1764967854,"finish_at":1764970369,"status":"active","type":"enqueue","ts":1764967854,"date":"2025-12-05T20:50:54+00:00"}
{"queue_item_id":87,"village_id":11916,"user_id":12126,"building":"siege_foundry","level":4,"costs":{"wood":805,"clay":644,"iron":828},"build_time":7303,"start_at":1764967854,"finish_at":1764975157,"status":"active","type":"enqueue","ts":1764967854,"date":"2025-12-05T20:50:54+00:00"}
{"queue_item_id":88,"village_id":11917,"user_id":12127,"building":"siege_foundry","level":5,"costs":{"wood":1063,"clay":850,"iron":1093},"build_time":8309,"start_at":1764967854,"finish_at":1764976163,"status":"active","type":"enqueue","ts":1764967854,"date":"2025-12-05T20:50:54+00:00"}
{"queue_item_id":89,"village_id":11918,"user_id":12128,"building":"watchtower","level":18,"costs":{"wood":6102,"clay":5085,"iron":4068},"build_time":25009,"start_at":1764967855,"finish_at":1764992864,"status":"active","type":"enqueue","ts":1764967855,"date":"2025-12-05T20:50:55+00:00"}
{"queue_item_id":90,"village_id":11919,"user_id":12129,"building":"workshop","level":14,"costs":{"wood":9086,"clay":7269,"iron":7875},"build_time":30351,"start_at":1764967855,"finish_at":1764998206,"status":"active","type":"enqueue","ts":1764967855,"date":"2025-12-05T20:50:55+00:00"}
{"queue_item_id":91,"village_id":11920,"user_id":12130,"building":"smithy","level":7,"costs":{"wood":800,"clay":654,"iron":872},"build_time":6000,"start_at":1764967855,"finish_at":1764973855,"status":"active","type":"enqueue","ts":1764967855,"date":"2025-12-05T20:50:55+00:00"}
{"queue_item_id":92,"village_id":11921,"user_id":12131,"building":"storage","level":16,"costs":{"wood":1579,"clay":1382,"iron":1185},"build_time":13555,"start_at":1764967855,"finish_at":1764981410,"status":"active","type":"enqueue","ts":1764967855,"date":"2025-12-05T20:50:55+00:00"}
{"queue_item_id":93,"village_id":11922,"user_id":12132,"building":"market","level":15,"costs":{"wood":1814,"clay":1814,"iron":1814},"build_time":15746,"start_at":1764967856,"finish_at":1764983602,"status":"active","type":"enqueue","ts":1764967856,"date":"2025-12-05T20:50:56+00:00"}
{"queue_item_id":94,"village_id":11923,"user_id":12133,"building":"sawmill","level":16,"costs":{"wood":1602,"clay":1922,"iron":1281},"build_time":7200,"start_at":1764967856,"finish_at":1764975056,"status":"active","type":"enqueue","ts":1764967856,"date":"2025-12-05T20:50:56+00:00"}
{"queue_item_id":95,"village_id":11924,"user_id":12134,"building":"main_building","level":18,"costs":{"wood":4577,"clay":4068,"iron":3560},"build_time":11198,"start_at":1764967856,"finish_at":1764979054,"status":"active","type":"enqueue","ts":1764967856,"date":"2025-12-05T20:50:56+00:00"}
{"queue_item_id":96,"village_id":11925,"user_id":12135,"building":"scout_hall","level":15,"costs":{"wood":3183,"clay":2728,"iron":2274},"build_time":17232,"start_at":1764967856,"finish_at":1764985088,"status":"active","type":"enqueue","ts":1764967856,"date":"2025-12-05T20:50:56+00:00"}
{"queue_item_id":97,"village_id":11926,"user_id":12136,"building":"iron_mine","level":23,"costs":{"wood":12112,"clay":10497,"iron":11304},"build_time":31786,"start_at":1764967857,"finish_at":1764999643,"status":"active","type":"enqueue","ts":1764967857,"date":"2025-12-05T20:50:57+00:00"}
{"queue_item_id":98,"village_id":11927,"user_id":12137,"building":"storage","level":24,"costs":{"wood":7751,"clay":6782,"iron":5813},"build_time":45008,"start_at":1764967857,"finish_at":1765012865,"status":"active","type":"enqueue","ts":1764967857,"date":"2025-12-05T20:50:57+00:00"}
{"queue_item_id":99,"village_id":11928,"user_id":12138,"building":"hospital","level":12,"costs":{"wood":3022,"clay":2720,"iron":3325},"build_time":13896,"start_at":1764967857,"finish_at":1764981753,"status":"active","type":"enqueue","ts":1764967857,"date":"2025-12-05T20:50:57+00:00"}
{"queue_item_id":100,"village_id":11929,"user_id":12139,"building":"hall_of_banners","level":13,"costs":{"wood":9319,"clay":8154,"iron":10484},"build_time":38582,"start_at":1764967857,"finish_at":1765006439,"status":"active","type":"enqueue","ts":1764967857,"date":"2025-12-05T20:50:57+00:00"}
{"queue_item_id":101,"village_id":11930,"user_id":12140,"building":"warehouse","level":18,"costs":{"wood":1763,"clay":1469,"iron":1175},"build_time":12505,"start_at":1764967858,"finish_at":1764980363,"status":"active","type":"enqueue","ts":1764967858,"date":"2025-12-05T20:50:58+00:00"}
{"village_id":11931,"building":"barracks","level":null,"hq_level":null,"slot_limit":null,"queue_count":null,"user_id":12144,"error":"Village not found or access denied.","code":"ERR_PREREQ","type":"enqueue_failed","ts":1764968138,"date":"2025-12-05T20:55:38+00:00"}
{"village_id":11933,"building":"barracks","level":null,"hq_level":null,"slot_limit":null,"queue_count":null,"user_id":12146,"error":"Village not found or access denied.","code":"ERR_PREREQ","type":"enqueue_failed","ts":1764968166,"date":"2025-12-05T20:56:06+00:00"}
{"village_id":11935,"building":"barracks","level":null,"hq_level":null,"slot_limit":null,"queue_count":null,"user_id":12148,"error":"Village not found or access denied.","code":"ERR_PREREQ","type":"enqueue_failed","ts":1764968198,"date":"2025-12-05T20:56:38+00:00"}
{"village_id":11937,"building":"barracks","level":null,"hq_level":null,"slot_limit":null,"queue_count":null,"user_id":12150,"error":"Village not found or access denied.","code":"ERR_PREREQ","type":"enqueue_failed","ts":1764968223,"date":"2025-12-05T20:57:03+00:00"}
