{"village_id":11831,"user_id":12041,"building":"hospital","level":13,"hq_level":1,"queue_count":1,"slot_limit":1,"status":"active","build_time":19292,"metric":"enqueue","ts":1764967833,"date":"2025-12-05T20:50:33+00:00"}
{"village_id":11832,"user_id":12042,"building":"watchtower","level":15,"hq_level":4,"queue_count":1,"slot_limit":1,"status":"active","build_time":16913,"metric":"enqueue","ts":1764967833,"date":"2025-12-05T20:50:33+00:00"}
{"village_id":11833,"user_id":12043,"building":"farm","level":14,"hq_level":6,"queue_count":1,"slot_limit":2,"status":"active","build_time":9214,"metric":"enqueue","ts":1764967833,"date":"2025-12-05T20:50:33+00:00"}
{"village_id":11834,"user_id":12044,"building":"market","level":4,"hq_level":5,"queue_count":1,"slot_limit":1,"status":"active","build_time":2689,"metric":"enqueue","ts":1764967834,"date":"2025-12-05T20:50:34+00:00"}
{"village_id":11835,"user_id":12045,"building":"hospital","level":11,"hq_level":10,"queue_count":1,"slot_limit":2,"status":"active","build_time":11776,"metric":"enqueue","ts":1764967834,"date":"2025-12-05T20:50:34+00:00"}
{"village_id":11836,"user_id":12046,"building":"workshop","level":6,"hq_level":2,"queue_count":1,"slot_limit":1,"status":"active","build_time":7920,"metric":"enqueue","ts":1764967834,"date":"2025-12-05T20:50:34+00:00"}
{"village_id":11837,"user_id":12047,"building":"storage","level":14,"hq_level":4,"queue_count":1,"slot_limit":1,"status":"active","build_time":9555,"metric":"enqueue","ts":1764967834,"date":"2025-12-05T20:50:34+00:00"}
{"village_id":11838,"user_id":12048,"building":"market","level":2,"hq_level":2,"queue_count":1,"slot_limit":1,"status":"active","build_time":2043,"metric":"enqueue","ts":1764967835,"date":"2025-12-05T20:50:35+00:00"}
{"village_id":11839,"user_id":12049,"building":"main_building","level":15,"hq_level":14,"queue_count":1,"slot_limit":3,"status":"active","build_time":7200,"metric":"enqueue","ts":1764967835,"date":"2025-12-05T20:50:35+00:00"}
{"village_id":11840,"user_id":12050,"building":"academy","level":10,"hq_level":3,"queue_count":1,"slot_limit":1,"status":"active","build_time":15065,"metric":"enqueue","ts":1764967835,"date":"2025-12-05T20:50:35+00:00"}
{"village_id":11841,"user_id":12051,"building":"scout_hall","level":7,"hq_level":5,"queue_count":1,"slot_limit":1,"status":"active","build_time":4418,"metric":"enqueue","ts":1764967835,"date":"2025-12-05T20:50:35+00:00"}
{"village_id":11842,"user_id":12052,"building":"workshop","level":7,"hq_level":8,"queue_count":1,"slot_limit":2,"status":"active","build_time":8378,"metric":"enqueue","ts":1764967836,"date":"2025-12-05T20:50:36+00:00"}
{"village_id":11843,"user_id":12053,"building":"barracks","level":20,"hq_level":4,"queue_count":1,"slot_limit":1,"status":"active","build_time":38691,"metric":"enqueue","ts":1764967836,"date":"2025-12-05T20:50:36+00:00"}
{"village_id":11844,"user_id":12054,"building":"sawmill","level":12,"hq_level":1,"queue_count":1,"slot_limit":1,"status":"active","build_time":3634,"metric":"enqueue","ts":1764967836,"date":"2025-12-05T20:50:36+00:00"}
{"village_id":11845,"user_id":12055,"building":"hall_of_banners","level":7,"hq_level":3,"queue_count":1,"slot_limit":1,"status":"active","build_time":13753,"metric":"enqueue","ts":1764967836,"date":"2025-12-05T20:50:36+00:00"}
{"village_id":11846,"user_id":12056,"building":"hall_of_banners","level":16,"hq_level":1,"queue_count":1,"slot_limit":1,"status":"active","build_time":63391,"metric":"enqueue","ts":1764967837,"date":"2025-12-05T20:50:37+00:00"}
{"village_id":11847,"user_id":12057,"building":"clay_pit","level":8,"hq_level":2,"queue_count":1,"slot_limit":1,"status":"active","build_time":1838,"metric":"enqueue","ts":1764967837,"date":"2025-12-05T20:50:37+00:00"}
{"village_id":11848,"user_id":12058,"building":"warehouse","level":5,"hq_level":2,"queue_count":1,"slot_limit":1,"status":"active","build_time":1800,"metric":"enqueue","ts":1764967837,"date":"2025-12-05T20:50:37+00:00"}
{"village_id":11849,"user_id":12059,"building":"market","level":2,"hq_level":4,"queue_count":1,"slot_limit":1,"status":"active","build_time":1967,"metric":"enqueue","ts":1764967837,"date":"2025-12-05T20:50:37+00:00"}
{"village_id":11850,"user_id":12060,"building":"warehouse","level":15,"hq_level":3,"queue_count":1,"slot_limit":1,"status":"active","build_time":8617,"metric":"enqueue","ts":1764967838,"date":"2025-12-05T20:50:38+00:00"}
{"village_id":11851,"user_id":12061,"building":"clay_pit","level":29,"hq_level":7,"queue_count":1,"slot_limit":2,"status":"active","build_time":54193,"metric":"enqueue","ts":1764967838,"date":"2025-12-05T20:50:38+00:00"}
{"village_id":11852,"user_id":12062,"building":"siege_foundry","level":12,"hq_level":2,"queue_count":1,"slot_limit":1,"status":"active","build_time":28504,"metric":"enqueue","ts":1764967838,"date":"2025-12-05T20:50:38+00:00"}
{"village_id":11853,"user_id":12063,"building":"smithy","level":1,"hq_level":9,"queue_count":1,"slot_limit":2,"status":"active","build_time":2034,"metric":"enqueue","ts":1764967838,"date":"2025-12-05T20:50:38+00:00"}
{"village_id":11854,"user_id":12064,"building":"garrison","level":12,"hq_level":6,"queue_count":1,"slot_limit":2,"status":"active","build_time":13234,"metric":"enqueue","ts":1764967839,"date":"2025-12-05T20:50:39+00:00"}
{"village_id":11855,"user_id":12065,"building":"hall_of_banners","level":4,"hq_level":8,"queue_count":1,"slot_limit":2,"status":"active","build_time":7649,"metric":"enqueue","ts":1764967839,"date":"2025-12-05T20:50:39+00:00"}
{"village_id":11856,"user_id":12066,"building":"stable","level":9,"hq_level":2,"queue_count":1,"slot_limit":1,"status":"active","build_time":8675,"metric":"enqueue","ts":1764967839,"date":"2025-12-05T20:50:39+00:00"}
{"village_id":11857,"user_id":12067,"building":"academy","level":17,"hq_level":10,"queue_count":1,"slot_limit":2,"status":"active","build_time":42387,"metric":"enqueue","ts":1764967839,"date":"2025-12-05T20:50:39+00:00"}
{"village_id":11858,"user_id":12068,"building":"storage","level":11,"hq_level":7,"queue_count":1,"slot_limit":2,"status":"active","build_time":5510,"metric":"enqueue","ts":1764967840,"date":"2025-12-05T20:50:40+00:00"}
{"village_id":11859,"user_id":12069,"building":"smithy","level":12,"hq_level":5,"queue_count":1,"slot_limit":1,"status":"active","build_time":13475,"metric":"enqueue","ts":1764967840,"date":"2025-12-05T20:50:40+00:00"}
{"village_id":11860,"user_id":12070,"building":"statue","level":5,"hq_level":2,"queue_count":1,"slot_limit":1,"status":"active","build_time":4475,"metric":"enqueue","ts":1764967840,"date":"2025-12-05T20:50:40+00:00"}
{"village_id":11861,"user_id":12071,"building":"siege_foundry","level":6,"hq_level":1,"queue_count":1,"slot_limit":1,"status":"active","build_time":10766,"metric":"enqueue","ts":1764967840,"date":"2025-12-05T20:50:40+00:00"}
{"village_id":11862,"user_id":12072,"building":"clay_pit","level":20,"hq_level":8,"queue_count":1,"slot_limit":2,"status":"active","build_time":12008,"metric":"enqueue","ts":1764967841,"date":"2025-12-05T20:50:41+00:00"}
{"village_id":11863,"user_id":12073,"building":"workshop","level":2,"hq_level":7,"queue_count":1,"slot_limit":2,"status":"active","build_time":3727,"metric":"enqueue","ts":1764967841,"date":"2025-12-05T20:50:41+00:00"}
{"village_id":11864,"user_id":12074,"building":"farm","level":11,"hq_level":3,"queue_count":1,"slot_limit":1,"status":"active","build_time":5926,"metric":"enqueue","ts":1764967841,"date":"2025-12-05T20:50:41+00:00"}
{"village_id":11865,"user_id":12075,"building":"storage","level":1,"hq_level":3,"queue_count":1,"slot_limit":1,"status":"active","build_time":1133,"metric":"enqueue","ts":1764967841,"date":"2025-12-05T20:50:41+00:00"}
{"village_id":11866,"user_id":12076,"building":"siege_foundry","level":1,"hq_level":10,"queue_count":1,"slot_limit":2,"status":"active","build_time":4000,"metric":"enqueue","ts":1764967842,"date":"2025-12-05T20:50:42+00:00"}
{"village_id":11867,"user_id":12077,"building":"warehouse","level":29,"hq_level":5,"queue_count":1,"slot_limit":1,"status":"active","build_time":84246,"metric":"enqueue","ts":1764967842,"date":"2025-12-05T20:50:42+00:00"}
{"village_id":11868,"user_id":12078,"building":"main_building","level":6,"hq_level":5,"queue_count":1,"slot_limit":1,"status":"active","build_time":1872,"metric":"enqueue","ts":1764967842,"date":"2025-12-05T20:50:42+00:00"}
{"village_id":11869,"user_id":12079,"building":"hiding_place","level":7,"hq_level":8,"queue_count":1,"slot_limit":2,"status":"active","build_time":1800,"metric":"enqueue","ts":1764967842,"date":"2025-12-05T20:50:42+00:00"}
{"village_id":11870,"user_id":12080,"building":"hospital","level":12,"hq_level":6,"queue_count":1,"slot_limit":2,"status":"active","build_time":14889,"metric":"enqueue","ts":1764967843,"date":"2025-12-05T20:50:43+00:00"}
{"village_id":11871,"user_id":12081,"building":"storage","level":21,"hq_level":10,"queue_count":1,"slot_limit":2,"status":"active","build_time":27394,"metric":"enqueue","ts":1764967843,"date":"2025-12-05T20:50:43+00:00"}
{"village_id":11872,"user_id":12082,"building":"scout_hall","level":16,"hq_level":10,"queue_count":1,"slot_limit":2,"status":"active","build_time":17961,"metric":"enqueue","ts":1764967843,"date":"2025-12-05T20:50:43+00:00"}
{"village_id":11873,"user_id":12083,"building":"warehouse","level":9,"hq_level":8,"queue_count":1,"slot_limit":2,"status":"active","build_time":3600,"metric":"enqueue","ts":1764967843,"date":"2025-12-05T20:50:43+00:00"}
{"village_id":11874,"user_id":12084,"building":"smithy","level":3,"hq_level":5,"queue_count":1,"slot_limit":1,"status":"active","build_time":3039,"metric":"enqueue","ts":1764967844,"date":"2025-12-05T20:50:44+00:00"}
{"village_id":11875,"user_id":12085,"building":"rally_point","level":4,"hq_level":7,"queue_count":1,"slot_limit":2,"status":"active","build_time":1730,"metric":"enqueue","ts":1764967844,"date":"2025-12-05T20:50:44+00:00"}
{"village_id":11876,"user_id":12086,"building":"workshop","level":8,"hq_level":8,"queue_count":1,"slot_limit":2,"status":"active","build_time":9887,"metric":"enqueue","ts":1764967844,"date":"2025-12-05T20:50:44+00:00"}
{"village_id":11877,"user_id":12087,"building":"sawmill","level":18,"hq_level":9,"queue_count":1,"slot_limit":2,"status":"active","build_time":8478,"metric":"enqueue","ts":1764967844,"date":"2025-12-05T20:50:44+00:00"}
{"village_id":11878,"user_id":12088,"building":"hiding_place","level":17,"hq_level":5,"queue_count":1,"slot_limit":1,"status":"active","build_time":7707,"metric":"enqueue","ts":1764967845,"date":"2025-12-05T20:50:45+00:00"}
{"village_id":11879,"user_id":12089,"building":"hall_of_banners","level":5,"hq_level":6,"queue_count":1,"slot_limit":2,"status":"active","build_time":9348,"metric":"enqueue","ts":1764967845,"date":"2025-12-05T20:50:45+00:00"}
{"village_id":11880,"user_id":12090,"building":"main_building","level":5,"hq_level":4,"queue_count":1,"slot_limit":1,"status":"active","build_time":1800,"metric":"enqueue","ts":1764967845,"date":"2025-12-05T20:50:45+00:00"}
{"village_id":11881,"user_id":12091,"building":"sawmill","level":27,"hq_level":4,"queue_count":1,"slot_limit":1,"status":"active","build_time":41083,"metric":"enqueue","ts":1764967845,"date":"2025-12-05T20:50:45+00:00"}
{"village_id":11882,"user_id":12092,"building":"watchtower","level":3,"hq_level":7,"queue_count":1,"slot_limit":2,"status":"active","build_time":2199,"metric":"enqueue","ts":1764967846,"date":"2025-12-05T20:50:46+00:00"}
{"village_id":11883,"user_id":12093,"building":"stable","level":14,"hq_level":2,"queue_count":1,"slot_limit":1,"status":"active","build_time":19845,"metric":"enqueue","ts":1764967846,"date":"2025-12-05T20:50:46+00:00"}
{"village_id":11884,"user_id":12094,"building":"stable","level":2,"hq_level":7,"queue_count":1,"slot_limit":2,"status":"active","build_time":2485,"metric":"enqueue","ts":1764967846,"date":"2025-12-05T20:50:46+00:00"}
{"village_id":11885,"user_id":12095,"building":"siege_foundry","level":9,"hq_level":9,"queue_count":1,"slot_limit":2,"status":"active","build_time":15291,"metric":"enqueue","ts":1764967846,"date":"2025-12-05T20:50:46+00:00"}
{"village_id":11886,"user_id":12096,"building":"hall_of_banners","level":3,"hq_level":2,"queue_count":1,"slot_limit":1,"status":"active","build_time":7230,"metric":"enqueue","ts":1764967847,"date":"2025-12-05T20:50:47+00:00"}
{"village_id":11887,"user_id":12097,"building":"hiding_place","level":16,"hq_level":1,"queue_count":1,"slot_limit":1,"status":"active","build_time":7200,"metric":"enqueue","ts":1764967847,"date":"2025-12-05T20:50:47+00:00"}
{"village_id":11888,"user_id":12098,"building":"stable","level":19,"hq_level":1,"queue_count":1,"slot_limit":1,"status":"active","build_time":46291,"metric":"enqueue","ts":1764967847,"date":"2025-12-05T20:50:47+00:00"}
{"village_id":11889,"user_id":12099,"building":"scout_hall","level":1,"hq_level":9,"queue_count":1,"slot_limit":2,"status":"active","build_time":1526,"metric":"enqueue","ts":1764967847,"date":"2025-12-05T20:50:47+00:00"}
{"village_id":11890,"user_id":12100,"building":"siege_foundry","level":2,"hq_level":8,"queue_count":1,"slot_limit":2,"status":"active","build_time":4883,"metric":"enqueue","ts":1764967848,"date":"2025-12-05T20:50:48+00:00"}
{"village_id":11891,"user_id":12101,"building":"watchtower","level":13,"hq_level":6,"queue_count":1,"slot_limit":2,"status":"active","build_time":11713,"metric":"enqueue","ts":1764967848,"date":"2025-12-05T20:50:48+00:00"}
{"village_id":11892,"user_id":12102,"building":"barracks","level":6,"hq_level":5,"queue_count":1,"slot_limit":1,"status":"active","build_time":3744,"metric":"enqueue","ts":1764967848,"date":"2025-12-05T20:50:48+00:00"}
{"village_id":11893,"user_id":12103,"building":"statue","level":9,"hq_level":7,"queue_count":1,"slot_limit":2,"status":"active","build_time":7914,"metric":"enqueue","ts":1764967848,"date":"2025-12-05T20:50:48+00:00"}
{"village_id":11894,"user_id":12104,"building":"hospital","level":11,"hq_level":1,"queue_count":1,"slot_limit":1,"status":"active","build_time":13854,"metric":"enqueue","ts":1764967849,"date":"2025-12-05T20:50:49+00:00"}
{"village_id":11895,"user_id":12105,"building":"garrison","level":11,"hq_level":10,"queue_count":1,"slot_limit":2,"status":"active","build_time":10468,"metric":"enqueue","ts":1764967849,"date":"2025-12-05T20:50:49+00:00"}
{"village_id":11896,"user_id":12106,"building":"barracks","level":2,"hq_level":9,"queue_count":1,"slot_limit":2,"status":"active","build_time":1800,"metric":"enqueue","ts":1764967849,"date":"2025-12-05T20:50:49+00:00"}
{"village_id":11897,"user_id":12107,"building":"scout_hall","level":19,"hq_level":3,"queue_count":1,"slot_limit":1,"status":"active","build_time":33408,"metric":"enqueue","ts":1764967849,"date":"2025-12-05T20:50:49+00:00"}
{"village_id":11898,"user_id":12108,"building":"clay_pit","level":22,"hq_level":1,"queue_count":1,"slot_limit":1,"status":"active","build_time":19014,"metric":"enqueue","ts":1764967850,"date":"2025-12-05T20:50:50+00:00"}
{"village_id":11899,"user_id":12109,"building":"smithy","level":13,"hq_level":10,"queue_count":1,"slot_limit":2,"status":"active","build_time":14575,"metric":"enqueue","ts":1764967850,"date":"2025-12-05T20:50:50+00:00"}
{"village_id":11900,"user_id":12110,"building":"market","level":2,"hq_level":7,"queue_count":1,"slot_limit":2,"status":"active","build_time":1864,"metric":"enqueue","ts":1764967850,"date":"2025-12-05T20:50:50+00:00"}
{"village_id":11901,"user_id":12111,"building":"barracks","level":16,"hq_level":7,"queue_count":1,"slot_limit":2,"status":"active","build_time":18907,"metric":"enqueue","ts":1764967850,"date":"2025-12-05T20:50:50+00:00"}
{"village_id":11902,"user_id":12112,"building":"scout_hall","level":13,"hq_level":10,"queue_count":1,"slot_limit":2,"status":"active","build_time":10932,"metric":"enqueue","ts":1764967850,"date":"2025-12-05T20:50:50+00:00"}
{"village_id":11903,"user_id":12113,"building":"academy","level":10,"hq_level":6,"queue_count":1,"slot_limit":2,"status":"active","build_time":14258,"metric":"enqueue","ts":1764967851,"date":"2025-12-05T20:50:51+00:00"}
{"village_id":11904,"user_id":12114,"building":"watchtower","level":12,"hq_level":7,"queue_count":1,"slot_limit":2,"status":"active","build_time":9752,"metric":"enqueue","ts":1764967851,"date":"2025-12-05T20:50:51+00:00"}
{"village_id":11905,"user_id":12115,"building":"iron_mine","level":5,"hq_level":7,"queue_count":1,"slot_limit":2,"status":"active","build_time":1800,"metric":"enqueue","ts":1764967851,"date":"2025-12-05T20:50:51+00:00"}
{"village_id":11906,"user_id":12116,"building":"hiding_place","level":16,"hq_level":4,"queue_count":1,"slot_limit":1,"status":"active","build_time":7200,"metric":"enqueue","ts":1764967852,"date":"2025-12-05T20:50:52+00:00"}
{"village_id":11907,"user_id":12117,"building":"statue","level":14,"hq_level":9,"queue_count":1,"slot_limit":2,"status":"active","build_time":17490,"metric":"enqueue","ts":1764967852,"date":"2025-12-05T20:50:52+00:00"}
{"village_id":11908,"user_id":12118,"building":"statue","level":10,"hq_level":8,"queue_count":1,"slot_limit":2,"status":"active","build_time":9177,"metric":"enqueue","ts":1764967852,"date":"2025-12-05T20:50:52+00:00"}
{"village_id":11909,"user_id":12119,"building":"clay_pit","level":22,"hq_level":1,"queue_count":1,"slot_limit":1,"status":"active","build_time":19014,"metric":"enqueue","ts":1764967852,"date":"2025-12-05T20:50:52+00:00"}
{"village_id":11910,"user_id":12120,"building":"stable","level":18,"hq_level":6,"queue_count":1,"slot_limit":2,"status":"active","build_time":35726,"metric":"enqueue","ts":1764967853,"date":"2025-12-05T20:50:53+00:00"}
{"village_id":11911,"user_id":12121,"building":"hall_of_banners","level":16,"hq_level":2,"queue_count":1,"slot_limit":1,"status":"active","build_time":62172,"metric":"enqueue","ts":1764967853,"date":"2025-12-05T20:50:53+00:00"}
{"village_id":11912,"user_id":12122,"building":"hall_of_banners","level":14,"hq_level":9,"queue_count":1,"slot_limit":2,"status":"active","build_time":39354,"metric":"enqueue","ts":1764967853,"date":"2025-12-05T20:50:53+00:00"}
{"village_id":11913,"user_id":12123,"building":"iron_mine","level":13,"hq_level":2,"queue_count":1,"slot_limit":1,"status":"active","build_time":7200,"metric":"enqueue","ts":1764967853,"date":"2025-12-05T20:50:53+00:00"}
{"village_id":11914,"user_id":12124,"building":"workshop","level":7,"hq_level":4,"queue_count":1,"slot_limit":1,"status":"active","build_time":8999,"metric":"enqueue","ts":1764967854,"date":"2025-12-05T20:50:54+00:00"}
{"village_id":11915,"user_id":12125,"building":"main_building","level":8,"hq_level":7,"queue_count":1,"slot_limit":2,"status":"active","build_time":2515,"metric":"enqueue","ts":1764967854,"date":"2025-12-05T20:50:54+00:00"}
{"village_id":11916,"user_id":12126,"building":"siege_foundry","level":4,"hq_level":4,"queue_count":1,"slot_limit":1,"status":"active","build_time":7303,"metric":"enqueue","ts":1764967854,"date":"2025-12-05T20:50:54+00:00"}
{"village_id":11917,"user_id":12127,"building":"siege_foundry","level":5,"hq_level":6,"queue_count":1,"slot_limit":2,"status":"active","build_time":8309,"metric":"enqueue","ts":1764967854,"date":"2025-12-05T20:50:54+00:00"}
{"village_id":11918,"user_id":12128,"building":"watchtower","level":18,"hq_level":10,"queue_count":1,"slot_limit":2,"status":"active","build_time":25009,"metric":"enqueue","ts":1764967855,"date":"2025-12-05T20:50:55+00:00"}
{"village_id":11919,"user_id":12129,"building":"workshop","level":14,"hq_level":1,"queue_count":1,"slot_limit":1,"status":"active","build_time":30351,"metric":"enqueue","ts":1764967855,"date":"2025-12-05T20:50:55+00:00"}
{"village_id":11920,"user_id":12130,"building":"smithy","level":7,"hq_level":4,"queue_count":1,"slot_limit":1,"status":"active","build_time":6000,"metric":"enqueue","ts":1764967855,"date":"2025-12-05T20:50:55+00:00"}
{"village_id":11921,"user_id":12131,"building":"storage","level":16,"hq_level":3,"queue_count":1,"slot_limit":1,"status":"active","build_time":13555,"metric":"enqueue","ts":1764967855,"date":"2025-12-05T20:50:55+00:00"}
{"village_id":11922,"user_id":12132,"building":"market","level":15,"hq_level":8,"queue_count":1,"slot_limit":2,"status":"active","build_time":15746,"metric":"enqueue","ts":1764967856,"date":"2025-12-05T20:50:56+00:00"}
{"village_id":11923,"user_id":12133,"building":"sawmill","level":16,"hq_level":1,"queue_count":1,"slot_limit":1,"status":"active","build_time":7200,"metric":"enqueue","ts":1764967856,"date":"2025-12-05T20:50:56+00:00"}
{"village_id":11924,"user_id":12134,"building":"main_building","level":18,"hq_level":17,"queue_count":1,"slot_limit":3,"status":"active","build_time":11198,"metric":"enqueue","ts":1764967856,"date":"2025-12-05T20:50:56+00:00"}
{"village_id":11925,"user_id":12135,"building":"scout_hall","level":15,"hq_level":3,"queue_count":1,"slot_limit":1,"status":"active","build_time":17232,"metric":"enqueue","ts":1764967856,"date":"2025-12-05T20:50:56+00:00"}
{"village_id":11926,"user_id":12136,"building":"iron_mine","level":23,"hq_level":4,"queue_count":1,"slot_limit":1,"status":"active","build_time":31786,"metric":"enqueue","ts":1764967857,"date":"2025-12-05T20:50:57+00:00"}
{"village_id":11927,"user_id":12137,"building":"storage","level":24,"hq_level":10,"queue_count":1,"slot_limit":2,"status":"active","build_time":45008,"metric":"enqueue","ts":1764967857,"date":"2025-12-05T20:50:57+00:00"}
{"village_id":11928,"user_id":12138,"building":"hospital","level":12,"hq_level":10,"queue_count":1,"slot_limit":2,"status":"active","build_time":13896,"metric":"enqueue","ts":1764967857,"date":"2025-12-05T20:50:57+00:00"}
{"village_id":11929,"user_id":12139,"building":"hall_of_banners","level":13,"hq_level":1,"queue_count":1,"slot_limit":1,"status":"active","build_time":38582,"metric":"enqueue","ts":1764967857,"date":"2025-12-05T20:50:57+00:00"}
{"village_id":11930,"user_id":12140,"building":"warehouse","level":18,"hq_level":10,"queue_count":1,"slot_limit":2,"status":"active","build_time":12505,"metric":"enqueue","ts":1764967858,"date":"2025-12-05T20:50:58+00:00"}
{"village_id":11931,"user_id":12144,"building":"barracks","level":null,"hq_level":null,"queue_count":null,"slot_limit":null,"error_code":"ERR_PREREQ","metric":"enqueue_failed","ts":1764968138,"date":"2025-12-05T20:55:38+00:00"}
{"village_id":11933,"user_id":12146,"building":"barracks","level":null,"hq_level":null,"queue_count":null,"slot_limit":null,"error_code":"ERR_PREREQ","metric":"enqueue_failed","ts":1764968166,"date":"2025-12-05T20:56:06+00:00"}
{"village_id":11935,"user_id":12148,"building":"barracks","level":null,"hq_level":null,"queue_count":null,"slot_limit":null,"error_code":"ERR_PREREQ","metric":"enqueue_failed","ts":1764968198,"date":"2025-12-05T20:56:38+00:00"}
{"village_id":11937,"user_id":12150,"building":"barracks","level":null,"hq_level":null,"queue_count":null,"slot_limit":null,"error_code":"ERR_PREREQ","metric":"enqueue_failed","ts":1764968223,"date":"2025-12-05T20:57:03+00:00"}
