[2025-12-01 02:51:23] EXCEPTION: BuildingConfigManager::calculateWarehouseCapacity(): Return value must be of type ?int, float returned in /Users/andrejprus/Library/CloudStorage/Dropbox/projects/tribal-clone/lib/managers/BuildingConfigManager.php line 138
Trace: #0 /Users/andrejprus/Library/CloudStorage/Dropbox/projects/tribal-clone/lib/managers/BuildingManager.php(37): BuildingConfigManager->calculateWarehouseCapacity(1)
#1 /Users/andrejprus/Library/CloudStorage/Dropbox/projects/tribal-clone/ajax/resources/get_resources.php(101): BuildingManager->getWarehouseCapacityByLevel(1)
#2 /Users/andrejprus/Library/CloudStorage/Dropbox/projects/tribal-clone/ajax_proxy.php(8): require_once('/Users/andrejpr...')
#3 {main}
--------------------------------------------------------------------------------
[2025-12-01 02:51:53] EXCEPTION: BuildingConfigManager::calculateWarehouseCapacity(): Return value must be of type ?int, float returned in /Users/andrejprus/Library/CloudStorage/Dropbox/projects/tribal-clone/lib/managers/BuildingConfigManager.php line 138
Trace: #0 /Users/andrejprus/Library/CloudStorage/Dropbox/projects/tribal-clone/lib/managers/BuildingManager.php(37): BuildingConfigManager->calculateWarehouseCapacity(1)
#1 /Users/andrejprus/Library/CloudStorage/Dropbox/projects/tribal-clone/ajax/resources/get_resources.php(101): BuildingManager->getWarehouseCapacityByLevel(1)
#2 /Users/andrejprus/Library/CloudStorage/Dropbox/projects/tribal-clone/ajax_proxy.php(8): require_once('/Users/andrejpr...')
#3 {main}
--------------------------------------------------------------------------------
[2025-12-01 02:52:01] EXCEPTION: BuildingConfigManager::calculateWarehouseCapacity(): Return value must be of type ?int, float returned in /Users/andrejprus/Library/CloudStorage/Dropbox/projects/tribal-clone/lib/managers/BuildingConfigManager.php line 138
Trace: #0 /Users/andrejprus/Library/CloudStorage/Dropbox/projects/tribal-clone/lib/managers/BuildingManager.php(37): BuildingConfigManager->calculateWarehouseCapacity(1)
#1 /Users/andrejprus/Library/CloudStorage/Dropbox/projects/tribal-clone/ajax/resources/get_resources.php(101): BuildingManager->getWarehouseCapacityByLevel(1)
#2 /Users/andrejprus/Library/CloudStorage/Dropbox/projects/tribal-clone/ajax_proxy.php(8): require_once('/Users/andrejpr...')
#3 {main}
--------------------------------------------------------------------------------
[2025-12-01 02:52:23] EXCEPTION: BuildingConfigManager::calculateWarehouseCapacity(): Return value must be of type ?int, float returned in /Users/andrejprus/Library/CloudStorage/Dropbox/projects/tribal-clone/lib/managers/BuildingConfigManager.php line 138
Trace: #0 /Users/andrejprus/Library/CloudStorage/Dropbox/projects/tribal-clone/lib/managers/BuildingManager.php(37): BuildingConfigManager->calculateWarehouseCapacity(1)
#1 /Users/andrejprus/Library/CloudStorage/Dropbox/projects/tribal-clone/ajax/resources/get_resources.php(101): BuildingManager->getWarehouseCapacityByLevel(1)
#2 /Users/andrejprus/Library/CloudStorage/Dropbox/projects/tribal-clone/ajax_proxy.php(8): require_once('/Users/andrejpr...')
#3 {main}
--------------------------------------------------------------------------------
[2025-12-01 02:53:01] EXCEPTION: BuildingConfigManager::calculateWarehouseCapacity(): Return value must be of type ?int, float returned in /Users/andrejprus/Library/CloudStorage/Dropbox/projects/tribal-clone/lib/managers/BuildingConfigManager.php line 138
Trace: #0 /Users/andrejprus/Library/CloudStorage/Dropbox/projects/tribal-clone/lib/managers/BuildingManager.php(37): BuildingConfigManager->calculateWarehouseCapacity(1)
#1 /Users/andrejprus/Library/CloudStorage/Dropbox/projects/tribal-clone/ajax/resources/get_resources.php(101): BuildingManager->getWarehouseCapacityByLevel(1)
#2 /Users/andrejprus/Library/CloudStorage/Dropbox/projects/tribal-clone/ajax_proxy.php(8): require_once('/Users/andrejpr...')
#3 {main}
--------------------------------------------------------------------------------
[2025-12-01 02:53:01] EXCEPTION: BuildingConfigManager::calculateWarehouseCapacity(): Return value must be of type ?int, float returned in /Users/andrejprus/Library/CloudStorage/Dropbox/projects/tribal-clone/lib/managers/BuildingConfigManager.php line 138
Trace: #0 /Users/andrejprus/Library/CloudStorage/Dropbox/projects/tribal-clone/lib/managers/BuildingManager.php(37): BuildingConfigManager->calculateWarehouseCapacity(1)
#1 /Users/andrejprus/Library/CloudStorage/Dropbox/projects/tribal-clone/ajax/resources/get_resources.php(101): BuildingManager->getWarehouseCapacityByLevel(1)
#2 /Users/andrejprus/Library/CloudStorage/Dropbox/projects/tribal-clone/ajax_proxy.php(8): require_once('/Users/andrejpr...')
#3 {main}
--------------------------------------------------------------------------------
[2025-12-01 02:54:01] EXCEPTION: BuildingConfigManager::calculateWarehouseCapacity(): Return value must be of type ?int, float returned in /Users/andrejprus/Library/CloudStorage/Dropbox/projects/tribal-clone/lib/managers/BuildingConfigManager.php line 138
Trace: #0 /Users/andrejprus/Library/CloudStorage/Dropbox/projects/tribal-clone/lib/managers/BuildingManager.php(37): BuildingConfigManager->calculateWarehouseCapacity(1)
#1 /Users/andrejprus/Library/CloudStorage/Dropbox/projects/tribal-clone/ajax/resources/get_resources.php(101): BuildingManager->getWarehouseCapacityByLevel(1)
#2 /Users/andrejprus/Library/CloudStorage/Dropbox/projects/tribal-clone/ajax_proxy.php(8): require_once('/Users/andrejpr...')
#3 {main}
--------------------------------------------------------------------------------
[2025-12-01 02:54:01] EXCEPTION: BuildingConfigManager::calculateWarehouseCapacity(): Return value must be of type ?int, float returned in /Users/andrejprus/Library/CloudStorage/Dropbox/projects/tribal-clone/lib/managers/BuildingConfigManager.php line 138
Trace: #0 /Users/andrejprus/Library/CloudStorage/Dropbox/projects/tribal-clone/lib/managers/BuildingManager.php(37): BuildingConfigManager->calculateWarehouseCapacity(1)
#1 /Users/andrejprus/Library/CloudStorage/Dropbox/projects/tribal-clone/ajax/resources/get_resources.php(101): BuildingManager->getWarehouseCapacityByLevel(1)
#2 /Users/andrejprus/Library/CloudStorage/Dropbox/projects/tribal-clone/ajax_proxy.php(8): require_once('/Users/andrejpr...')
#3 {main}
--------------------------------------------------------------------------------
[2025-12-01 02:55:01] EXCEPTION: BuildingConfigManager::calculateWarehouseCapacity(): Return value must be of type ?int, float returned in /Users/andrejprus/Library/CloudStorage/Dropbox/projects/tribal-clone/lib/managers/BuildingConfigManager.php line 138
Trace: #0 /Users/andrejprus/Library/CloudStorage/Dropbox/projects/tribal-clone/lib/managers/BuildingManager.php(37): BuildingConfigManager->calculateWarehouseCapacity(1)
#1 /Users/andrejprus/Library/CloudStorage/Dropbox/projects/tribal-clone/ajax/resources/get_resources.php(101): BuildingManager->getWarehouseCapacityByLevel(1)
#2 /Users/andrejprus/Library/CloudStorage/Dropbox/projects/tribal-clone/ajax_proxy.php(8): require_once('/Users/andrejpr...')
#3 {main}
--------------------------------------------------------------------------------
[2025-12-01 02:55:01] EXCEPTION: BuildingConfigManager::calculateWarehouseCapacity(): Return value must be of type ?int, float returned in /Users/andrejprus/Library/CloudStorage/Dropbox/projects/tribal-clone/lib/managers/BuildingConfigManager.php line 138
Trace: #0 /Users/andrejprus/Library/CloudStorage/Dropbox/projects/tribal-clone/lib/managers/BuildingManager.php(37): BuildingConfigManager->calculateWarehouseCapacity(1)
#1 /Users/andrejprus/Library/CloudStorage/Dropbox/projects/tribal-clone/ajax/resources/get_resources.php(101): BuildingManager->getWarehouseCapacityByLevel(1)
#2 /Users/andrejprus/Library/CloudStorage/Dropbox/projects/tribal-clone/ajax_proxy.php(8): require_once('/Users/andrejpr...')
#3 {main}
--------------------------------------------------------------------------------
[2025-12-01 02:55:17] ERROR: Undefined array key "REQUEST_URI" in /Users/andrejprus/Library/CloudStorage/Dropbox/projects/tribal-clone/init.php line 94
--------------------------------------------------------------------------------
[2025-12-01 02:55:17] FATAL: Uncaught TypeError: parse_url(): Argument #1 ($url) must be of type string, null given in /Users/andrejprus/Library/CloudStorage/Dropbox/projects/tribal-clone/init.php:94
Stack trace:
#0 /Users/andrejprus/Library/CloudStorage/Dropbox/projects/tribal-clone/init.php(94): parse_url(NULL, 5)
#1 Command line code(1): require('/Users/andrejpr...')
#2 {main}
  thrown in /Users/andrejprus/Library/CloudStorage/Dropbox/projects/tribal-clone/init.php line 94
--------------------------------------------------------------------------------
[2025-12-01 02:56:01] EXCEPTION: BuildingConfigManager::calculateWarehouseCapacity(): Return value must be of type ?int, float returned in /Users/andrejprus/Library/CloudStorage/Dropbox/projects/tribal-clone/lib/managers/BuildingConfigManager.php line 138
Trace: #0 /Users/andrejprus/Library/CloudStorage/Dropbox/projects/tribal-clone/lib/managers/BuildingManager.php(37): BuildingConfigManager->calculateWarehouseCapacity(1)
#1 /Users/andrejprus/Library/CloudStorage/Dropbox/projects/tribal-clone/ajax/resources/get_resources.php(101): BuildingManager->getWarehouseCapacityByLevel(1)
#2 /Users/andrejprus/Library/CloudStorage/Dropbox/projects/tribal-clone/ajax_proxy.php(8): require_once('/Users/andrejpr...')
#3 {main}
--------------------------------------------------------------------------------
[2025-12-01 02:56:01] EXCEPTION: BuildingConfigManager::calculateWarehouseCapacity(): Return value must be of type ?int, float returned in /Users/andrejprus/Library/CloudStorage/Dropbox/projects/tribal-clone/lib/managers/BuildingConfigManager.php line 138
Trace: #0 /Users/andrejprus/Library/CloudStorage/Dropbox/projects/tribal-clone/lib/managers/BuildingManager.php(37): BuildingConfigManager->calculateWarehouseCapacity(1)
#1 /Users/andrejprus/Library/CloudStorage/Dropbox/projects/tribal-clone/ajax/resources/get_resources.php(101): BuildingManager->getWarehouseCapacityByLevel(1)
#2 /Users/andrejprus/Library/CloudStorage/Dropbox/projects/tribal-clone/ajax_proxy.php(8): require_once('/Users/andrejpr...')
#3 {main}
--------------------------------------------------------------------------------
[2025-12-01 02:57:01] EXCEPTION: BuildingConfigManager::calculateWarehouseCapacity(): Return value must be of type ?int, float returned in /Users/andrejprus/Library/CloudStorage/Dropbox/projects/tribal-clone/lib/managers/BuildingConfigManager.php line 138
Trace: #0 /Users/andrejprus/Library/CloudStorage/Dropbox/projects/tribal-clone/lib/managers/BuildingManager.php(37): BuildingConfigManager->calculateWarehouseCapacity(1)
#1 /Users/andrejprus/Library/CloudStorage/Dropbox/projects/tribal-clone/ajax/resources/get_resources.php(101): BuildingManager->getWarehouseCapacityByLevel(1)
#2 /Users/andrejprus/Library/CloudStorage/Dropbox/projects/tribal-clone/ajax_proxy.php(8): require_once('/Users/andrejpr...')
#3 {main}
--------------------------------------------------------------------------------
[2025-12-01 02:57:01] EXCEPTION: BuildingConfigManager::calculateWarehouseCapacity(): Return value must be of type ?int, float returned in /Users/andrejprus/Library/CloudStorage/Dropbox/projects/tribal-clone/lib/managers/BuildingConfigManager.php line 138
Trace: #0 /Users/andrejprus/Library/CloudStorage/Dropbox/projects/tribal-clone/lib/managers/BuildingManager.php(37): BuildingConfigManager->calculateWarehouseCapacity(1)
#1 /Users/andrejprus/Library/CloudStorage/Dropbox/projects/tribal-clone/ajax/resources/get_resources.php(101): BuildingManager->getWarehouseCapacityByLevel(1)
#2 /Users/andrejprus/Library/CloudStorage/Dropbox/projects/tribal-clone/ajax_proxy.php(8): require_once('/Users/andrejpr...')
#3 {main}
--------------------------------------------------------------------------------
[2025-12-01 02:58:01] EXCEPTION: BuildingConfigManager::calculateWarehouseCapacity(): Return value must be of type ?int, float returned in /Users/andrejprus/Library/CloudStorage/Dropbox/projects/tribal-clone/lib/managers/BuildingConfigManager.php line 138
Trace: #0 /Users/andrejprus/Library/CloudStorage/Dropbox/projects/tribal-clone/lib/managers/BuildingManager.php(37): BuildingConfigManager->calculateWarehouseCapacity(1)
#1 /Users/andrejprus/Library/CloudStorage/Dropbox/projects/tribal-clone/ajax/resources/get_resources.php(101): BuildingManager->getWarehouseCapacityByLevel(1)
#2 /Users/andrejprus/Library/CloudStorage/Dropbox/projects/tribal-clone/ajax_proxy.php(8): require_once('/Users/andrejpr...')
#3 {main}
--------------------------------------------------------------------------------
[2025-12-01 02:58:01] EXCEPTION: BuildingConfigManager::calculateWarehouseCapacity(): Return value must be of type ?int, float returned in /Users/andrejprus/Library/CloudStorage/Dropbox/projects/tribal-clone/lib/managers/BuildingConfigManager.php line 138
Trace: #0 /Users/andrejprus/Library/CloudStorage/Dropbox/projects/tribal-clone/lib/managers/BuildingManager.php(37): BuildingConfigManager->calculateWarehouseCapacity(1)
#1 /Users/andrejprus/Library/CloudStorage/Dropbox/projects/tribal-clone/ajax/resources/get_resources.php(101): BuildingManager->getWarehouseCapacityByLevel(1)
#2 /Users/andrejprus/Library/CloudStorage/Dropbox/projects/tribal-clone/ajax_proxy.php(8): require_once('/Users/andrejpr...')
#3 {main}
--------------------------------------------------------------------------------
[2025-12-01 02:59:01] EXCEPTION: BuildingConfigManager::calculateWarehouseCapacity(): Return value must be of type ?int, float returned in /Users/andrejprus/Library/CloudStorage/Dropbox/projects/tribal-clone/lib/managers/BuildingConfigManager.php line 138
Trace: #0 /Users/andrejprus/Library/CloudStorage/Dropbox/projects/tribal-clone/lib/managers/BuildingManager.php(37): BuildingConfigManager->calculateWarehouseCapacity(1)
#1 /Users/andrejprus/Library/CloudStorage/Dropbox/projects/tribal-clone/ajax/resources/get_resources.php(101): BuildingManager->getWarehouseCapacityByLevel(1)
#2 /Users/andrejprus/Library/CloudStorage/Dropbox/projects/tribal-clone/ajax_proxy.php(8): require_once('/Users/andrejpr...')
#3 {main}
--------------------------------------------------------------------------------
[2025-12-01 02:59:01] EXCEPTION: BuildingConfigManager::calculateWarehouseCapacity(): Return value must be of type ?int, float returned in /Users/andrejprus/Library/CloudStorage/Dropbox/projects/tribal-clone/lib/managers/BuildingConfigManager.php line 138
Trace: #0 /Users/andrejprus/Library/CloudStorage/Dropbox/projects/tribal-clone/lib/managers/BuildingManager.php(37): BuildingConfigManager->calculateWarehouseCapacity(1)
#1 /Users/andrejprus/Library/CloudStorage/Dropbox/projects/tribal-clone/ajax/resources/get_resources.php(101): BuildingManager->getWarehouseCapacityByLevel(1)
#2 /Users/andrejprus/Library/CloudStorage/Dropbox/projects/tribal-clone/ajax_proxy.php(8): require_once('/Users/andrejpr...')
#3 {main}
--------------------------------------------------------------------------------
[2025-12-01 03:00:01] EXCEPTION: BuildingConfigManager::calculateWarehouseCapacity(): Return value must be of type ?int, float returned in /Users/andrejprus/Library/CloudStorage/Dropbox/projects/tribal-clone/lib/managers/BuildingConfigManager.php line 138
Trace: #0 /Users/andrejprus/Library/CloudStorage/Dropbox/projects/tribal-clone/lib/managers/BuildingManager.php(37): BuildingConfigManager->calculateWarehouseCapacity(1)
#1 /Users/andrejprus/Library/CloudStorage/Dropbox/projects/tribal-clone/ajax/resources/get_resources.php(101): BuildingManager->getWarehouseCapacityByLevel(1)
#2 /Users/andrejprus/Library/CloudStorage/Dropbox/projects/tribal-clone/ajax_proxy.php(8): require_once('/Users/andrejpr...')
#3 {main}
--------------------------------------------------------------------------------
[2025-12-01 03:00:01] EXCEPTION: BuildingConfigManager::calculateWarehouseCapacity(): Return value must be of type ?int, float returned in /Users/andrejprus/Library/CloudStorage/Dropbox/projects/tribal-clone/lib/managers/BuildingConfigManager.php line 138
Trace: #0 /Users/andrejprus/Library/CloudStorage/Dropbox/projects/tribal-clone/lib/managers/BuildingManager.php(37): BuildingConfigManager->calculateWarehouseCapacity(1)
#1 /Users/andrejprus/Library/CloudStorage/Dropbox/projects/tribal-clone/ajax/resources/get_resources.php(101): BuildingManager->getWarehouseCapacityByLevel(1)
#2 /Users/andrejprus/Library/CloudStorage/Dropbox/projects/tribal-clone/ajax_proxy.php(8): require_once('/Users/andrejpr...')
#3 {main}
--------------------------------------------------------------------------------
[2025-12-01 03:01:01] EXCEPTION: BuildingConfigManager::calculateWarehouseCapacity(): Return value must be of type ?int, float returned in /Users/andrejprus/Library/CloudStorage/Dropbox/projects/tribal-clone/lib/managers/BuildingConfigManager.php line 138
Trace: #0 /Users/andrejprus/Library/CloudStorage/Dropbox/projects/tribal-clone/lib/managers/BuildingManager.php(37): BuildingConfigManager->calculateWarehouseCapacity(1)
#1 /Users/andrejprus/Library/CloudStorage/Dropbox/projects/tribal-clone/ajax/resources/get_resources.php(101): BuildingManager->getWarehouseCapacityByLevel(1)
#2 /Users/andrejprus/Library/CloudStorage/Dropbox/projects/tribal-clone/ajax_proxy.php(8): require_once('/Users/andrejpr...')
#3 {main}
--------------------------------------------------------------------------------
[2025-12-01 03:01:01] EXCEPTION: BuildingConfigManager::calculateWarehouseCapacity(): Return value must be of type ?int, float returned in /Users/andrejprus/Library/CloudStorage/Dropbox/projects/tribal-clone/lib/managers/BuildingConfigManager.php line 138
Trace: #0 /Users/andrejprus/Library/CloudStorage/Dropbox/projects/tribal-clone/lib/managers/BuildingManager.php(37): BuildingConfigManager->calculateWarehouseCapacity(1)
#1 /Users/andrejprus/Library/CloudStorage/Dropbox/projects/tribal-clone/ajax/resources/get_resources.php(101): BuildingManager->getWarehouseCapacityByLevel(1)
#2 /Users/andrejprus/Library/CloudStorage/Dropbox/projects/tribal-clone/ajax_proxy.php(8): require_once('/Users/andrejpr...')
#3 {main}
--------------------------------------------------------------------------------
[2025-12-01 03:02:01] EXCEPTION: BuildingConfigManager::calculateWarehouseCapacity(): Return value must be of type ?int, float returned in /Users/andrejprus/Library/CloudStorage/Dropbox/projects/tribal-clone/lib/managers/BuildingConfigManager.php line 138
Trace: #0 /Users/andrejprus/Library/CloudStorage/Dropbox/projects/tribal-clone/lib/managers/BuildingManager.php(37): BuildingConfigManager->calculateWarehouseCapacity(1)
#1 /Users/andrejprus/Library/CloudStorage/Dropbox/projects/tribal-clone/ajax/resources/get_resources.php(101): BuildingManager->getWarehouseCapacityByLevel(1)
#2 /Users/andrejprus/Library/CloudStorage/Dropbox/projects/tribal-clone/ajax_proxy.php(8): require_once('/Users/andrejpr...')
#3 {main}
--------------------------------------------------------------------------------
[2025-12-01 03:02:01] EXCEPTION: BuildingConfigManager::calculateWarehouseCapacity(): Return value must be of type ?int, float returned in /Users/andrejprus/Library/CloudStorage/Dropbox/projects/tribal-clone/lib/managers/BuildingConfigManager.php line 138
Trace: #0 /Users/andrejprus/Library/CloudStorage/Dropbox/projects/tribal-clone/lib/managers/BuildingManager.php(37): BuildingConfigManager->calculateWarehouseCapacity(1)
#1 /Users/andrejprus/Library/CloudStorage/Dropbox/projects/tribal-clone/ajax/resources/get_resources.php(101): BuildingManager->getWarehouseCapacityByLevel(1)
#2 /Users/andrejprus/Library/CloudStorage/Dropbox/projects/tribal-clone/ajax_proxy.php(8): require_once('/Users/andrejpr...')
#3 {main}
--------------------------------------------------------------------------------
[2025-12-01 03:03:01] EXCEPTION: BuildingConfigManager::calculateWarehouseCapacity(): Return value must be of type ?int, float returned in /Users/andrejprus/Library/CloudStorage/Dropbox/projects/tribal-clone/lib/managers/BuildingConfigManager.php line 138
Trace: #0 /Users/andrejprus/Library/CloudStorage/Dropbox/projects/tribal-clone/lib/managers/BuildingManager.php(37): BuildingConfigManager->calculateWarehouseCapacity(1)
#1 /Users/andrejprus/Library/CloudStorage/Dropbox/projects/tribal-clone/ajax/resources/get_resources.php(101): BuildingManager->getWarehouseCapacityByLevel(1)
#2 /Users/andrejprus/Library/CloudStorage/Dropbox/projects/tribal-clone/ajax_proxy.php(8): require_once('/Users/andrejpr...')
#3 {main}
--------------------------------------------------------------------------------
[2025-12-01 03:03:01] EXCEPTION: BuildingConfigManager::calculateWarehouseCapacity(): Return value must be of type ?int, float returned in /Users/andrejprus/Library/CloudStorage/Dropbox/projects/tribal-clone/lib/managers/BuildingConfigManager.php line 138
Trace: #0 /Users/andrejprus/Library/CloudStorage/Dropbox/projects/tribal-clone/lib/managers/BuildingManager.php(37): BuildingConfigManager->calculateWarehouseCapacity(1)
#1 /Users/andrejprus/Library/CloudStorage/Dropbox/projects/tribal-clone/ajax/resources/get_resources.php(101): BuildingManager->getWarehouseCapacityByLevel(1)
#2 /Users/andrejprus/Library/CloudStorage/Dropbox/projects/tribal-clone/ajax_proxy.php(8): require_once('/Users/andrejpr...')
#3 {main}
--------------------------------------------------------------------------------
[2025-12-01 03:04:01] EXCEPTION: BuildingConfigManager::calculateWarehouseCapacity(): Return value must be of type ?int, float returned in /Users/andrejprus/Library/CloudStorage/Dropbox/projects/tribal-clone/lib/managers/BuildingConfigManager.php line 138
Trace: #0 /Users/andrejprus/Library/CloudStorage/Dropbox/projects/tribal-clone/lib/managers/BuildingManager.php(37): BuildingConfigManager->calculateWarehouseCapacity(1)
#1 /Users/andrejprus/Library/CloudStorage/Dropbox/projects/tribal-clone/ajax/resources/get_resources.php(101): BuildingManager->getWarehouseCapacityByLevel(1)
#2 /Users/andrejprus/Library/CloudStorage/Dropbox/projects/tribal-clone/ajax_proxy.php(8): require_once('/Users/andrejpr...')
#3 {main}
--------------------------------------------------------------------------------
[2025-12-01 03:04:01] EXCEPTION: BuildingConfigManager::calculateWarehouseCapacity(): Return value must be of type ?int, float returned in /Users/andrejprus/Library/CloudStorage/Dropbox/projects/tribal-clone/lib/managers/BuildingConfigManager.php line 138
Trace: #0 /Users/andrejprus/Library/CloudStorage/Dropbox/projects/tribal-clone/lib/managers/BuildingManager.php(37): BuildingConfigManager->calculateWarehouseCapacity(1)
#1 /Users/andrejprus/Library/CloudStorage/Dropbox/projects/tribal-clone/ajax/resources/get_resources.php(101): BuildingManager->getWarehouseCapacityByLevel(1)
#2 /Users/andrejprus/Library/CloudStorage/Dropbox/projects/tribal-clone/ajax_proxy.php(8): require_once('/Users/andrejpr...')
#3 {main}
--------------------------------------------------------------------------------
[2025-12-01 03:05:01] EXCEPTION: BuildingConfigManager::calculateWarehouseCapacity(): Return value must be of type ?int, float returned in /Users/andrejprus/Library/CloudStorage/Dropbox/projects/tribal-clone/lib/managers/BuildingConfigManager.php line 138
Trace: #0 /Users/andrejprus/Library/CloudStorage/Dropbox/projects/tribal-clone/lib/managers/BuildingManager.php(37): BuildingConfigManager->calculateWarehouseCapacity(1)
#1 /Users/andrejprus/Library/CloudStorage/Dropbox/projects/tribal-clone/ajax/resources/get_resources.php(101): BuildingManager->getWarehouseCapacityByLevel(1)
#2 /Users/andrejprus/Library/CloudStorage/Dropbox/projects/tribal-clone/ajax_proxy.php(8): require_once('/Users/andrejpr...')
#3 {main}
--------------------------------------------------------------------------------
[2025-12-01 03:05:02] EXCEPTION: BuildingConfigManager::calculateWarehouseCapacity(): Return value must be of type ?int, float returned in /Users/andrejprus/Library/CloudStorage/Dropbox/projects/tribal-clone/lib/managers/BuildingConfigManager.php line 138
Trace: #0 /Users/andrejprus/Library/CloudStorage/Dropbox/projects/tribal-clone/lib/managers/BuildingManager.php(37): BuildingConfigManager->calculateWarehouseCapacity(1)
#1 /Users/andrejprus/Library/CloudStorage/Dropbox/projects/tribal-clone/ajax/resources/get_resources.php(101): BuildingManager->getWarehouseCapacityByLevel(1)
#2 /Users/andrejprus/Library/CloudStorage/Dropbox/projects/tribal-clone/ajax_proxy.php(8): require_once('/Users/andrejpr...')
#3 {main}
--------------------------------------------------------------------------------
[2025-12-01 03:06:01] EXCEPTION: BuildingConfigManager::calculateWarehouseCapacity(): Return value must be of type ?int, float returned in /Users/andrejprus/Library/CloudStorage/Dropbox/projects/tribal-clone/lib/managers/BuildingConfigManager.php line 138
Trace: #0 /Users/andrejprus/Library/CloudStorage/Dropbox/projects/tribal-clone/lib/managers/BuildingManager.php(37): BuildingConfigManager->calculateWarehouseCapacity(1)
#1 /Users/andrejprus/Library/CloudStorage/Dropbox/projects/tribal-clone/ajax/resources/get_resources.php(101): BuildingManager->getWarehouseCapacityByLevel(1)
#2 /Users/andrejprus/Library/CloudStorage/Dropbox/projects/tribal-clone/ajax_proxy.php(8): require_once('/Users/andrejpr...')
#3 {main}
--------------------------------------------------------------------------------
[2025-12-01 03:06:01] EXCEPTION: BuildingConfigManager::calculateWarehouseCapacity(): Return value must be of type ?int, float returned in /Users/andrejprus/Library/CloudStorage/Dropbox/projects/tribal-clone/lib/managers/BuildingConfigManager.php line 138
Trace: #0 /Users/andrejprus/Library/CloudStorage/Dropbox/projects/tribal-clone/lib/managers/BuildingManager.php(37): BuildingConfigManager->calculateWarehouseCapacity(1)
#1 /Users/andrejprus/Library/CloudStorage/Dropbox/projects/tribal-clone/ajax/resources/get_resources.php(101): BuildingManager->getWarehouseCapacityByLevel(1)
#2 /Users/andrejprus/Library/CloudStorage/Dropbox/projects/tribal-clone/ajax_proxy.php(8): require_once('/Users/andrejpr...')
#3 {main}
--------------------------------------------------------------------------------
[2025-12-01 03:07:01] EXCEPTION: BuildingConfigManager::calculateWarehouseCapacity(): Return value must be of type ?int, float returned in /Users/andrejprus/Library/CloudStorage/Dropbox/projects/tribal-clone/lib/managers/BuildingConfigManager.php line 138
Trace: #0 /Users/andrejprus/Library/CloudStorage/Dropbox/projects/tribal-clone/lib/managers/BuildingManager.php(37): BuildingConfigManager->calculateWarehouseCapacity(1)
#1 /Users/andrejprus/Library/CloudStorage/Dropbox/projects/tribal-clone/ajax/resources/get_resources.php(101): BuildingManager->getWarehouseCapacityByLevel(1)
#2 /Users/andrejprus/Library/CloudStorage/Dropbox/projects/tribal-clone/ajax_proxy.php(8): require_once('/Users/andrejpr...')
#3 {main}
--------------------------------------------------------------------------------
[2025-12-01 03:07:01] EXCEPTION: BuildingConfigManager::calculateWarehouseCapacity(): Return value must be of type ?int, float returned in /Users/andrejprus/Library/CloudStorage/Dropbox/projects/tribal-clone/lib/managers/BuildingConfigManager.php line 138
Trace: #0 /Users/andrejprus/Library/CloudStorage/Dropbox/projects/tribal-clone/lib/managers/BuildingManager.php(37): BuildingConfigManager->calculateWarehouseCapacity(1)
#1 /Users/andrejprus/Library/CloudStorage/Dropbox/projects/tribal-clone/ajax/resources/get_resources.php(101): BuildingManager->getWarehouseCapacityByLevel(1)
#2 /Users/andrejprus/Library/CloudStorage/Dropbox/projects/tribal-clone/ajax_proxy.php(8): require_once('/Users/andrejpr...')
#3 {main}
--------------------------------------------------------------------------------
[2025-12-01 03:08:01] EXCEPTION: BuildingConfigManager::calculateWarehouseCapacity(): Return value must be of type ?int, float returned in /Users/andrejprus/Library/CloudStorage/Dropbox/projects/tribal-clone/lib/managers/BuildingConfigManager.php line 138
Trace: #0 /Users/andrejprus/Library/CloudStorage/Dropbox/projects/tribal-clone/lib/managers/BuildingManager.php(37): BuildingConfigManager->calculateWarehouseCapacity(1)
#1 /Users/andrejprus/Library/CloudStorage/Dropbox/projects/tribal-clone/ajax/resources/get_resources.php(101): BuildingManager->getWarehouseCapacityByLevel(1)
#2 /Users/andrejprus/Library/CloudStorage/Dropbox/projects/tribal-clone/ajax_proxy.php(8): require_once('/Users/andrejpr...')
#3 {main}
--------------------------------------------------------------------------------
[2025-12-01 03:08:01] EXCEPTION: BuildingConfigManager::calculateWarehouseCapacity(): Return value must be of type ?int, float returned in /Users/andrejprus/Library/CloudStorage/Dropbox/projects/tribal-clone/lib/managers/BuildingConfigManager.php line 138
Trace: #0 /Users/andrejprus/Library/CloudStorage/Dropbox/projects/tribal-clone/lib/managers/BuildingManager.php(37): BuildingConfigManager->calculateWarehouseCapacity(1)
#1 /Users/andrejprus/Library/CloudStorage/Dropbox/projects/tribal-clone/ajax/resources/get_resources.php(101): BuildingManager->getWarehouseCapacityByLevel(1)
#2 /Users/andrejprus/Library/CloudStorage/Dropbox/projects/tribal-clone/ajax_proxy.php(8): require_once('/Users/andrejpr...')
#3 {main}
--------------------------------------------------------------------------------
[2025-12-01 03:09:01] EXCEPTION: BuildingConfigManager::calculateWarehouseCapacity(): Return value must be of type ?int, float returned in /Users/andrejprus/Library/CloudStorage/Dropbox/projects/tribal-clone/lib/managers/BuildingConfigManager.php line 138
Trace: #0 /Users/andrejprus/Library/CloudStorage/Dropbox/projects/tribal-clone/lib/managers/BuildingManager.php(37): BuildingConfigManager->calculateWarehouseCapacity(1)
#1 /Users/andrejprus/Library/CloudStorage/Dropbox/projects/tribal-clone/ajax/resources/get_resources.php(101): BuildingManager->getWarehouseCapacityByLevel(1)
#2 /Users/andrejprus/Library/CloudStorage/Dropbox/projects/tribal-clone/ajax_proxy.php(8): require_once('/Users/andrejpr...')
#3 {main}
--------------------------------------------------------------------------------
[2025-12-01 03:09:01] EXCEPTION: BuildingConfigManager::calculateWarehouseCapacity(): Return value must be of type ?int, float returned in /Users/andrejprus/Library/CloudStorage/Dropbox/projects/tribal-clone/lib/managers/BuildingConfigManager.php line 138
Trace: #0 /Users/andrejprus/Library/CloudStorage/Dropbox/projects/tribal-clone/lib/managers/BuildingManager.php(37): BuildingConfigManager->calculateWarehouseCapacity(1)
#1 /Users/andrejprus/Library/CloudStorage/Dropbox/projects/tribal-clone/ajax/resources/get_resources.php(101): BuildingManager->getWarehouseCapacityByLevel(1)
#2 /Users/andrejprus/Library/CloudStorage/Dropbox/projects/tribal-clone/ajax_proxy.php(8): require_once('/Users/andrejpr...')
#3 {main}
--------------------------------------------------------------------------------
[2025-12-01 03:10:01] EXCEPTION: BuildingConfigManager::calculateWarehouseCapacity(): Return value must be of type ?int, float returned in /Users/andrejprus/Library/CloudStorage/Dropbox/projects/tribal-clone/lib/managers/BuildingConfigManager.php line 138
Trace: #0 /Users/andrejprus/Library/CloudStorage/Dropbox/projects/tribal-clone/lib/managers/BuildingManager.php(37): BuildingConfigManager->calculateWarehouseCapacity(1)
#1 /Users/andrejprus/Library/CloudStorage/Dropbox/projects/tribal-clone/ajax/resources/get_resources.php(101): BuildingManager->getWarehouseCapacityByLevel(1)
#2 /Users/andrejprus/Library/CloudStorage/Dropbox/projects/tribal-clone/ajax_proxy.php(8): require_once('/Users/andrejpr...')
#3 {main}
--------------------------------------------------------------------------------
[2025-12-01 03:10:01] EXCEPTION: BuildingConfigManager::calculateWarehouseCapacity(): Return value must be of type ?int, float returned in /Users/andrejprus/Library/CloudStorage/Dropbox/projects/tribal-clone/lib/managers/BuildingConfigManager.php line 138
Trace: #0 /Users/andrejprus/Library/CloudStorage/Dropbox/projects/tribal-clone/lib/managers/BuildingManager.php(37): BuildingConfigManager->calculateWarehouseCapacity(1)
#1 /Users/andrejprus/Library/CloudStorage/Dropbox/projects/tribal-clone/ajax/resources/get_resources.php(101): BuildingManager->getWarehouseCapacityByLevel(1)
#2 /Users/andrejprus/Library/CloudStorage/Dropbox/projects/tribal-clone/ajax_proxy.php(8): require_once('/Users/andrejpr...')
#3 {main}
--------------------------------------------------------------------------------
[2025-12-01 03:11:01] EXCEPTION: BuildingConfigManager::calculateWarehouseCapacity(): Return value must be of type ?int, float returned in /Users/andrejprus/Library/CloudStorage/Dropbox/projects/tribal-clone/lib/managers/BuildingConfigManager.php line 138
Trace: #0 /Users/andrejprus/Library/CloudStorage/Dropbox/projects/tribal-clone/lib/managers/BuildingManager.php(37): BuildingConfigManager->calculateWarehouseCapacity(1)
#1 /Users/andrejprus/Library/CloudStorage/Dropbox/projects/tribal-clone/ajax/resources/get_resources.php(101): BuildingManager->getWarehouseCapacityByLevel(1)
#2 /Users/andrejprus/Library/CloudStorage/Dropbox/projects/tribal-clone/ajax_proxy.php(8): require_once('/Users/andrejpr...')
#3 {main}
--------------------------------------------------------------------------------
[2025-12-01 03:11:01] EXCEPTION: BuildingConfigManager::calculateWarehouseCapacity(): Return value must be of type ?int, float returned in /Users/andrejprus/Library/CloudStorage/Dropbox/projects/tribal-clone/lib/managers/BuildingConfigManager.php line 138
Trace: #0 /Users/andrejprus/Library/CloudStorage/Dropbox/projects/tribal-clone/lib/managers/BuildingManager.php(37): BuildingConfigManager->calculateWarehouseCapacity(1)
#1 /Users/andrejprus/Library/CloudStorage/Dropbox/projects/tribal-clone/ajax/resources/get_resources.php(101): BuildingManager->getWarehouseCapacityByLevel(1)
#2 /Users/andrejprus/Library/CloudStorage/Dropbox/projects/tribal-clone/ajax_proxy.php(8): require_once('/Users/andrejpr...')
#3 {main}
--------------------------------------------------------------------------------
[2025-12-01 03:12:01] EXCEPTION: BuildingConfigManager::calculateWarehouseCapacity(): Return value must be of type ?int, float returned in /Users/andrejprus/Library/CloudStorage/Dropbox/projects/tribal-clone/lib/managers/BuildingConfigManager.php line 138
Trace: #0 /Users/andrejprus/Library/CloudStorage/Dropbox/projects/tribal-clone/lib/managers/BuildingManager.php(37): BuildingConfigManager->calculateWarehouseCapacity(1)
#1 /Users/andrejprus/Library/CloudStorage/Dropbox/projects/tribal-clone/ajax/resources/get_resources.php(101): BuildingManager->getWarehouseCapacityByLevel(1)
#2 /Users/andrejprus/Library/CloudStorage/Dropbox/projects/tribal-clone/ajax_proxy.php(8): require_once('/Users/andrejpr...')
#3 {main}
--------------------------------------------------------------------------------
[2025-12-01 03:12:01] EXCEPTION: BuildingConfigManager::calculateWarehouseCapacity(): Return value must be of type ?int, float returned in /Users/andrejprus/Library/CloudStorage/Dropbox/projects/tribal-clone/lib/managers/BuildingConfigManager.php line 138
Trace: #0 /Users/andrejprus/Library/CloudStorage/Dropbox/projects/tribal-clone/lib/managers/BuildingManager.php(37): BuildingConfigManager->calculateWarehouseCapacity(1)
#1 /Users/andrejprus/Library/CloudStorage/Dropbox/projects/tribal-clone/ajax/resources/get_resources.php(101): BuildingManager->getWarehouseCapacityByLevel(1)
#2 /Users/andrejprus/Library/CloudStorage/Dropbox/projects/tribal-clone/ajax_proxy.php(8): require_once('/Users/andrejpr...')
#3 {main}
--------------------------------------------------------------------------------
[2025-12-01 03:13:01] EXCEPTION: BuildingConfigManager::calculateWarehouseCapacity(): Return value must be of type ?int, float returned in /Users/andrejprus/Library/CloudStorage/Dropbox/projects/tribal-clone/lib/managers/BuildingConfigManager.php line 138
Trace: #0 /Users/andrejprus/Library/CloudStorage/Dropbox/projects/tribal-clone/lib/managers/BuildingManager.php(37): BuildingConfigManager->calculateWarehouseCapacity(1)
#1 /Users/andrejprus/Library/CloudStorage/Dropbox/projects/tribal-clone/ajax/resources/get_resources.php(101): BuildingManager->getWarehouseCapacityByLevel(1)
#2 /Users/andrejprus/Library/CloudStorage/Dropbox/projects/tribal-clone/ajax_proxy.php(8): require_once('/Users/andrejpr...')
#3 {main}
--------------------------------------------------------------------------------
[2025-12-01 03:13:01] EXCEPTION: BuildingConfigManager::calculateWarehouseCapacity(): Return value must be of type ?int, float returned in /Users/andrejprus/Library/CloudStorage/Dropbox/projects/tribal-clone/lib/managers/BuildingConfigManager.php line 138
Trace: #0 /Users/andrejprus/Library/CloudStorage/Dropbox/projects/tribal-clone/lib/managers/BuildingManager.php(37): BuildingConfigManager->calculateWarehouseCapacity(1)
#1 /Users/andrejprus/Library/CloudStorage/Dropbox/projects/tribal-clone/ajax/resources/get_resources.php(101): BuildingManager->getWarehouseCapacityByLevel(1)
#2 /Users/andrejprus/Library/CloudStorage/Dropbox/projects/tribal-clone/ajax_proxy.php(8): require_once('/Users/andrejpr...')
#3 {main}
--------------------------------------------------------------------------------
[2025-12-01 03:13:44] EXCEPTION: BuildingConfigManager::calculateWarehouseCapacity(): Return value must be of type ?int, float returned in /Users/andrejprus/Library/CloudStorage/Dropbox/projects/tribal-clone/lib/managers/BuildingConfigManager.php line 138
Trace: #0 /Users/andrejprus/Library/CloudStorage/Dropbox/projects/tribal-clone/lib/managers/BuildingManager.php(37): BuildingConfigManager->calculateWarehouseCapacity(1)
#1 /Users/andrejprus/Library/CloudStorage/Dropbox/projects/tribal-clone/ajax/resources/get_resources.php(101): BuildingManager->getWarehouseCapacityByLevel(1)
#2 /Users/andrejprus/Library/CloudStorage/Dropbox/projects/tribal-clone/ajax_proxy.php(8): require_once('/Users/andrejpr...')
#3 {main}
--------------------------------------------------------------------------------
[2025-12-01 03:13:46] EXCEPTION: BuildingConfigManager::calculateWarehouseCapacity(): Return value must be of type ?int, float returned in /Users/andrejprus/Library/CloudStorage/Dropbox/projects/tribal-clone/lib/managers/BuildingConfigManager.php line 138
Trace: #0 /Users/andrejprus/Library/CloudStorage/Dropbox/projects/tribal-clone/lib/managers/BuildingManager.php(37): BuildingConfigManager->calculateWarehouseCapacity(1)
#1 /Users/andrejprus/Library/CloudStorage/Dropbox/projects/tribal-clone/ajax/resources/get_resources.php(101): BuildingManager->getWarehouseCapacityByLevel(1)
#2 /Users/andrejprus/Library/CloudStorage/Dropbox/projects/tribal-clone/ajax_proxy.php(8): require_once('/Users/andrejpr...')
#3 {main}
--------------------------------------------------------------------------------
[2025-12-01 03:14:01] EXCEPTION: BuildingConfigManager::calculateWarehouseCapacity(): Return value must be of type ?int, float returned in /Users/andrejprus/Library/CloudStorage/Dropbox/projects/tribal-clone/lib/managers/BuildingConfigManager.php line 138
Trace: #0 /Users/andrejprus/Library/CloudStorage/Dropbox/projects/tribal-clone/lib/managers/BuildingManager.php(37): BuildingConfigManager->calculateWarehouseCapacity(1)
#1 /Users/andrejprus/Library/CloudStorage/Dropbox/projects/tribal-clone/ajax/resources/get_resources.php(101): BuildingManager->getWarehouseCapacityByLevel(1)
#2 /Users/andrejprus/Library/CloudStorage/Dropbox/projects/tribal-clone/ajax_proxy.php(8): require_once('/Users/andrejpr...')
#3 {main}
--------------------------------------------------------------------------------
[2025-12-01 09:23:02] EXCEPTION: Call to undefined method ResourceManager::applyLateJoinerBonus() in /Users/andrejprus/Library/CloudStorage/Dropbox/projects/tribal-clone/lib/managers/ResourceManager.php line 126
Trace: #0 /Users/andrejprus/Library/CloudStorage/Dropbox/projects/tribal-clone/lib/managers/VillageManager.php(436): ResourceManager->updateVillageResources(Array)
#1 /Users/andrejprus/Library/CloudStorage/Dropbox/projects/tribal-clone/ajax/resources/get_resources.php(52): VillageManager->updateResources(1)
#2 /Users/andrejprus/Library/CloudStorage/Dropbox/projects/tribal-clone/ajax_proxy.php(8): require_once('/Users/andrejpr...')
#3 {main}
--------------------------------------------------------------------------------
[2025-12-01 19:55:56] EXCEPTION: Call to undefined method Database::getInstance() in /Users/andrejprus/Library/CloudStorage/Dropbox/projects/tribal-clone/migrations/validate_building_types_schema.php line 156
Trace: #0 {main}
--------------------------------------------------------------------------------
[2025-12-01 19:56:27] EXCEPTION: Call to undefined method SQLiteResult::fetchArray() in /Users/andrejprus/Library/CloudStorage/Dropbox/projects/tribal-clone/migrations/validate_building_types_schema.php line 19
Trace: #0 /Users/andrejprus/Library/CloudStorage/Dropbox/projects/tribal-clone/migrations/validate_building_types_schema.php(162): validateBuildingTypesSchema(Object(SQLiteAdapter))
#1 {main}
--------------------------------------------------------------------------------
[2025-12-01 21:26:29] EXCEPTION: Call to undefined method Database::execute() in /Users/andrejprus/Library/CloudStorage/Dropbox/projects/tribal-clone/tests/delta_calculator_test.php line 48
Trace: #0 /Users/andrejprus/Library/CloudStorage/Dropbox/projects/tribal-clone/tests/delta_calculator_test.php(29): DeltaCalculatorTest->setupTestData()
#1 /Users/andrejprus/Library/CloudStorage/Dropbox/projects/tribal-clone/tests/delta_calculator_test.php(344): DeltaCalculatorTest->runTests()
#2 {main}
--------------------------------------------------------------------------------
